2024-11-12 14:02:49,676 [INFO] Activator:176 - 


2024-11-12 14:02:49,678 [INFO] Activator:177 - !SESSION log4j initialized
2024-11-12 14:02:53,674 [INFO] LogOutputStream:77 - [STDOUT_REDIRECT] 
2024-11-12 14:02:54,039 [INFO] ApplicationProperties:184 - Using Application install path: /opt/st/stm32cubeide_1.16.1/plugins/com.st.stm32cube.common.mx_6.12.1.202409122256
2024-11-12 14:02:54,049 [INFO] DbMcusXml:78 - Set database path to: /opt/st/stm32cubeide_1.16.1/plugins/com.st.stm32cube.common.mx_6.12.1.202409122256//db//mcu/
2024-11-12 14:02:54,049 [INFO] ApiDb:274 - Set plugin database path to: /opt/st/stm32cubeide_1.16.1/plugins/com.st.stm32cube.common.mx_6.12.1.202409122256//db//plugins/boardmanager/
2024-11-12 14:02:54,049 [WARN] ApiDb:259 - Overriding images path with different value:  => /opt/st/stm32cubeide_1.16.1/plugins/com.st.stm32cube.common.mx_6.12.1.202409122256//db//plugins/mcufinder/images/
2024-11-12 14:02:54,052 [INFO] ApiDb:250 - Set database path to: /home/franco/.stmcufinder/plugins/mcufinder//mcu/
2024-11-12 14:02:54,052 [INFO] DbMcusAds:125 - Set database path to: /home/franco/.stmcufinder/plugins/mcufinder//mcu/
2024-11-12 14:02:54,054 [INFO] CrossReferenceDbSqlite:203 - Set database path to: /home/franco/.stmcufinder/plugins/mcufinder//mcu/cs/
2024-11-12 14:02:54,110 [INFO] RulesReader:64 - Compatibility file has been processed (297 Rules)
2024-11-12 14:02:54,143 [INFO] DbMcusXml:78 - Set database path to: /opt/st/stm32cubeide_1.16.1/plugins/com.st.stm32cube.common.mx_6.12.1.202409122256//db//mcu/
2024-11-12 14:02:54,143 [INFO] ApiDb:274 - Set plugin database path to: /opt/st/stm32cubeide_1.16.1/plugins/com.st.stm32cube.common.mx_6.12.1.202409122256//db//plugins/boardmanager/
2024-11-12 14:02:54,143 [INFO] ApiDb:261 - Set plugin images path to: /opt/st/stm32cubeide_1.16.1/plugins/com.st.stm32cube.common.mx_6.12.1.202409122256//db//plugins/mcufinder/images/
2024-11-12 14:02:54,143 [WARN] DbFile:41 - Overriding database path with different value: /home/franco/.stmcufinder/plugins/mcufinder/ => /home/franco/.stmcufinder/plugins/mcufinder
2024-11-12 14:02:54,143 [INFO] ApiDb:250 - Set database path to: /home/franco/.stmcufinder/plugins/mcufinder//mcu/
2024-11-12 14:02:54,143 [WARN] DbFile:41 - Overriding database path with different value: /home/franco/.stmcufinder/plugins/mcufinder/ => /home/franco/.stmcufinder/plugins/mcufinder
2024-11-12 14:02:54,143 [INFO] DbMcusAds:125 - Set database path to: /home/franco/.stmcufinder/plugins/mcufinder//mcu/
2024-11-12 14:02:54,143 [WARN] DbFile:41 - Overriding database path with different value: /home/franco/.stmcufinder/plugins/mcufinder/ => /home/franco/.stmcufinder/plugins/mcufinder
2024-11-12 14:02:54,143 [WARN] DbFile:41 - Overriding database path with different value: /home/franco/.stmcufinder/plugins/mcufinder/ => /home/franco/.stmcufinder/plugins/mcufinder
2024-11-12 14:02:54,144 [INFO] CrossReferenceDbSqlite:203 - Set database path to: /home/franco/.stmcufinder/plugins/mcufinder//mcu/cs/
2024-11-12 14:02:54,191 [INFO] MainPanel:268 - HeapMemory: 268435456
2024-11-12 14:02:54,260 [INFO] DbMcusXml:78 - Set database path to: /opt/st/stm32cubeide_1.16.1/plugins/com.st.stm32cube.common.mx_6.12.1.202409122256//db//mcu/
2024-11-12 14:02:54,260 [INFO] ApiDb:274 - Set plugin database path to: /opt/st/stm32cubeide_1.16.1/plugins/com.st.stm32cube.common.mx_6.12.1.202409122256//db//plugins/boardmanager/
2024-11-12 14:02:54,260 [INFO] ApiDb:261 - Set plugin images path to: /opt/st/stm32cubeide_1.16.1/plugins/com.st.stm32cube.common.mx_6.12.1.202409122256//db//plugins/mcufinder/images/
2024-11-12 14:02:54,260 [WARN] DbFile:41 - Overriding database path with different value: /home/franco/.stmcufinder/plugins/mcufinder/ => /home/franco/.stmcufinder/plugins/mcufinder
2024-11-12 14:02:54,260 [INFO] ApiDb:250 - Set database path to: /home/franco/.stmcufinder/plugins/mcufinder//mcu/
2024-11-12 14:02:54,260 [WARN] DbFile:41 - Overriding database path with different value: /home/franco/.stmcufinder/plugins/mcufinder/ => /home/franco/.stmcufinder/plugins/mcufinder
2024-11-12 14:02:54,260 [INFO] DbMcusAds:125 - Set database path to: /home/franco/.stmcufinder/plugins/mcufinder//mcu/
2024-11-12 14:02:54,261 [WARN] DbFile:41 - Overriding database path with different value: /home/franco/.stmcufinder/plugins/mcufinder/ => /home/franco/.stmcufinder/plugins/mcufinder
2024-11-12 14:02:54,261 [WARN] DbFile:41 - Overriding database path with different value: /home/franco/.stmcufinder/plugins/mcufinder/ => /home/franco/.stmcufinder/plugins/mcufinder
2024-11-12 14:02:54,261 [INFO] CrossReferenceDbSqlite:203 - Set database path to: /home/franco/.stmcufinder/plugins/mcufinder//mcu/cs/
2024-11-12 14:02:54,269 [INFO] ApplicationProperties:184 - Using Application install path: /opt/st/stm32cubeide_1.16.1/plugins/com.st.stm32cube.common.mx_6.12.1.202409122256
2024-11-12 14:02:54,270 [INFO] PluginManage:196 - Search for loadable plugins [exclusion list=, ]
2024-11-12 14:02:54,270 [INFO] PluginManage:310 - Check plugin analytics
2024-11-12 14:02:54,355 [INFO] AnalyticsPlugin:253 - Accepted Software Licenses: 
2024-11-12 14:02:54,355 [INFO] AnalyticsPlugin:255 - Accepted CMSIS Pack Licenses: 
2024-11-12 14:02:54,355 [INFO] AnalyticsPlugin:257 - Accepted Firmware Licenses: 
2024-11-12 14:02:54,357 [INFO] PluginManage:359 - Loaded plugin analytics (category:tool,tabindex:-1)
2024-11-12 14:02:54,357 [INFO] PluginManage:310 - Check plugin cadmodel
2024-11-12 14:02:54,360 [INFO] CADModel:105 - Init CAD model plugin
2024-11-12 14:02:54,361 [INFO] PluginManage:359 - Loaded plugin cadmodel (category:power,tabindex:5)
2024-11-12 14:02:54,361 [INFO] PluginManage:310 - Check plugin clock
2024-11-12 14:02:54,366 [INFO] PluginManage:359 - Loaded plugin clock (category:base,tabindex:2)
2024-11-12 14:02:54,366 [INFO] PluginManage:310 - Check plugin ddr
2024-11-12 14:02:54,368 [INFO] PluginManage:359 - Loaded plugin ddr (category:tool,tabindex:6)
2024-11-12 14:02:54,368 [INFO] PluginManage:310 - Check plugin filemanager
2024-11-12 14:02:54,447 [INFO] PluginManage:359 - Loaded plugin filemanager (category:base,tabindex:10)
2024-11-12 14:02:54,448 [INFO] PluginManage:310 - Check plugin ipmanager
2024-11-12 14:02:54,451 [INFO] PluginManage:359 - Loaded plugin ipmanager (category:base,tabindex:5)
2024-11-12 14:02:54,451 [INFO] PluginManage:310 - Check plugin lpbam
2024-11-12 14:02:54,457 [INFO] PluginManage:359 - Loaded plugin lpbam (category:base,tabindex:0)
2024-11-12 14:02:54,458 [INFO] PluginManage:310 - Check plugin memorymap
2024-11-12 14:02:54,469 [INFO] PluginManage:359 - Loaded plugin memorymap (category:base,tabindex:4)
2024-11-12 14:02:54,470 [INFO] PluginManage:310 - Check plugin pinoutandconfiguration
2024-11-12 14:02:54,475 [INFO] PluginManage:359 - Loaded plugin pinoutandconfiguration (category:base,tabindex:1)
2024-11-12 14:02:54,475 [INFO] PluginManage:310 - Check plugin pinoutconfig
2024-11-12 14:02:54,529 [WARN] SupportedApi:132 - Cannot load RTOS API schema: s4s-elt-must-match.1: The content of 'definitions' must match (annotation?, (simpleType | complexType)?, (unique | key | keyref)*)). A problem was found starting at: attribute.
2024-11-12 14:02:54,599 [INFO] PluginManage:359 - Loaded plugin pinoutconfig (category:base,tabindex:0)
2024-11-12 14:02:54,599 [INFO] PluginManage:310 - Check plugin power
2024-11-12 14:02:54,605 [INFO] PluginManage:359 - Loaded plugin power (category:power,tabindex:4)
2024-11-12 14:02:54,605 [INFO] PluginManage:310 - Check plugin projectmanager
2024-11-12 14:02:54,614 [INFO] PluginManage:359 - Loaded plugin projectmanager (category:projectmanager,tabindex:4)
2024-11-12 14:02:54,615 [INFO] PluginManage:310 - Check plugin rif
2024-11-12 14:02:54,618 [INFO] PluginManage:359 - Loaded plugin rif (category:base,tabindex:3)
2024-11-12 14:02:54,618 [INFO] PluginManage:310 - Check plugin thirdparty
2024-11-12 14:02:54,676 [INFO] PluginManage:359 - Loaded plugin thirdparty (category:base,tabindex:-1)
2024-11-12 14:02:54,676 [WARN] IntegrityCheckThread:84 - waiting for thirdparty lock release [integrity check]
2024-11-12 14:02:54,676 [INFO] PluginManage:310 - Check plugin tools
2024-11-12 14:02:54,676 [INFO] IntegrityCheckThread:86 - entering critical section [integrity check]
2024-11-12 14:02:54,677 [INFO] ThirdPartyUpdaterWithRetryManager:70 - Updater plugin not ready yet. [1/15]
2024-11-12 14:02:54,678 [INFO] PluginManage:359 - Loaded plugin tools (category:base,tabindex:7)
2024-11-12 14:02:54,678 [INFO] PluginManage:310 - Check plugin tutovideos
2024-11-12 14:02:54,764 [INFO] PluginManage:359 - Loaded plugin tutovideos (category:base,tabindex:-1)
2024-11-12 14:02:54,764 [INFO] PluginManage:310 - Check plugin updater
2024-11-12 14:02:54,773 [INFO] PluginManage:359 - Loaded plugin updater (category:base,tabindex:12)
2024-11-12 14:02:54,774 [INFO] PluginManage:310 - Check plugin userauth
2024-11-12 14:02:54,777 [INFO] UserAuth:113 - Init User Auth plugin
2024-11-12 14:02:54,777 [INFO] PluginManage:359 - Loaded plugin userauth (category:base,tabindex:14)
2024-11-12 14:02:54,777 [INFO] PluginManage:283 - PluginManage : Loaded plugins [18]
2024-11-12 14:02:54,864 [INFO] PinOutPanel:1561 - setPackage(No Configuration,No Configuration)
2024-11-12 14:02:54,906 [INFO] CADModel:165 - CPN selected for project level
2024-11-12 14:02:54,906 [INFO] CADModel:114 - Register for checkConnection events
2024-11-12 14:02:54,913 [INFO] IPUIPlugin:80 - create IPUIPlugin
2024-11-12 14:02:54,913 [INFO] PluginManager:220 - loadIPPluginJar : add lorawan
2024-11-12 14:02:54,915 [INFO] IPUIPlugin:80 - create IPUIPlugin
2024-11-12 14:02:54,915 [INFO] PluginManager:220 - loadIPPluginJar : add openamp
2024-11-12 14:02:54,920 [INFO] IPUIPlugin:80 - create IPUIPlugin
2024-11-12 14:02:54,921 [INFO] PluginManager:220 - loadIPPluginJar : add plateformsettings
2024-11-12 14:02:54,922 [INFO] IPUIPlugin:80 - create IPUIPlugin
2024-11-12 14:02:54,922 [INFO] PluginManager:220 - loadIPPluginJar : add fatfs
2024-11-12 14:02:54,925 [INFO] IPUIPlugin:80 - create IPUIPlugin
2024-11-12 14:02:54,925 [INFO] PluginManager:220 - loadIPPluginJar : add opamp
2024-11-12 14:02:54,926 [INFO] IPUIPlugin:80 - create IPUIPlugin
2024-11-12 14:02:54,927 [INFO] PluginManager:220 - loadIPPluginJar : add sai
2024-11-12 14:02:54,928 [INFO] IPUIPlugin:80 - create IPUIPlugin
2024-11-12 14:02:54,928 [INFO] PluginManager:220 - loadIPPluginJar : add gtzc
2024-11-12 14:02:54,929 [INFO] IPUIPlugin:80 - create IPUIPlugin
2024-11-12 14:02:54,929 [INFO] PluginManager:220 - loadIPPluginJar : add comp
2024-11-12 14:02:54,930 [INFO] IPUIPlugin:80 - create IPUIPlugin
2024-11-12 14:02:54,930 [INFO] PluginManager:220 - loadIPPluginJar : add i3c
2024-11-12 14:02:54,931 [INFO] IPUIPlugin:80 - create IPUIPlugin
2024-11-12 14:02:54,931 [INFO] PluginManager:220 - loadIPPluginJar : add spi
2024-11-12 14:02:54,932 [INFO] IPUIPlugin:80 - create IPUIPlugin
2024-11-12 14:02:54,932 [INFO] PluginManager:220 - loadIPPluginJar : add ts
2024-11-12 14:02:54,936 [INFO] IPUIPlugin:80 - create IPUIPlugin
2024-11-12 14:02:54,936 [INFO] PluginManager:220 - loadIPPluginJar : add freertos
2024-11-12 14:02:54,937 [INFO] IPUIPlugin:80 - create IPUIPlugin
2024-11-12 14:02:54,937 [INFO] PluginManager:220 - loadIPPluginJar : add genericplugin
2024-11-12 14:02:54,939 [INFO] IPUIPlugin:80 - create IPUIPlugin
2024-11-12 14:02:54,939 [INFO] PluginManager:220 - loadIPPluginJar : add resmgrutility
2024-11-12 14:02:54,940 [INFO] IPUIPlugin:80 - create IPUIPlugin
2024-11-12 14:02:54,940 [INFO] PluginManager:220 - loadIPPluginJar : add pdm2pcm
2024-11-12 14:02:54,941 [INFO] IPUIPlugin:80 - create IPUIPlugin
2024-11-12 14:02:54,941 [INFO] PluginManager:220 - loadIPPluginJar : add tim
2024-11-12 14:02:54,944 [INFO] IPUIPlugin:80 - create IPUIPlugin
2024-11-12 14:02:54,944 [INFO] PluginManager:220 - loadIPPluginJar : add mdma
2024-11-12 14:02:54,945 [INFO] IPUIPlugin:80 - create IPUIPlugin
2024-11-12 14:02:54,945 [INFO] PluginManager:220 - loadIPPluginJar : add i2c
2024-11-12 14:02:54,946 [INFO] IPUIPlugin:80 - create IPUIPlugin
2024-11-12 14:02:54,946 [INFO] PluginManager:220 - loadIPPluginJar : add can
2024-11-12 14:02:54,947 [INFO] IPUIPlugin:80 - create IPUIPlugin
2024-11-12 14:02:54,947 [INFO] PluginManager:220 - loadIPPluginJar : add quadspi
2024-11-12 14:02:54,948 [INFO] IPUIPlugin:80 - create IPUIPlugin
2024-11-12 14:02:54,948 [INFO] PluginManager:220 - loadIPPluginJar : add ucpd
2024-11-12 14:02:54,949 [INFO] IPUIPlugin:80 - create IPUIPlugin
2024-11-12 14:02:54,949 [INFO] PluginManager:220 - loadIPPluginJar : add cryp
2024-11-12 14:02:54,950 [INFO] IPUIPlugin:80 - create IPUIPlugin
2024-11-12 14:02:54,950 [INFO] PluginManager:220 - loadIPPluginJar : add extmemmanager
2024-11-12 14:02:54,951 [INFO] IPUIPlugin:80 - create IPUIPlugin
2024-11-12 14:02:54,952 [INFO] PluginManager:220 - loadIPPluginJar : add hash
2024-11-12 14:02:54,953 [INFO] IPUIPlugin:80 - create IPUIPlugin
2024-11-12 14:02:54,953 [INFO] PluginManager:220 - loadIPPluginJar : add tracer_emb
2024-11-12 14:02:54,954 [INFO] IPUIPlugin:80 - create IPUIPlugin
2024-11-12 14:02:54,954 [INFO] PluginManager:220 - loadIPPluginJar : add gfxmmu
2024-11-12 14:02:54,956 [INFO] IPUIPlugin:80 - create IPUIPlugin
2024-11-12 14:02:54,956 [INFO] PluginManager:220 - loadIPPluginJar : add fmc
2024-11-12 14:02:54,957 [INFO] IPUIPlugin:80 - create IPUIPlugin
2024-11-12 14:02:54,957 [INFO] PluginManager:220 - loadIPPluginJar : add dma3
2024-11-12 14:02:54,959 [INFO] IPUIPlugin:80 - create IPUIPlugin
2024-11-12 14:02:54,959 [INFO] PluginManager:220 - loadIPPluginJar : add usart
2024-11-12 14:02:54,960 [INFO] IPUIPlugin:80 - create IPUIPlugin
2024-11-12 14:02:54,960 [INFO] PluginManager:220 - loadIPPluginJar : add aes
2024-11-12 14:02:54,964 [INFO] IPUIPlugin:80 - create IPUIPlugin
2024-11-12 14:02:54,964 [INFO] PluginManager:220 - loadIPPluginJar : add linkedlist
2024-11-12 14:02:54,965 [INFO] IPUIPlugin:80 - create IPUIPlugin
2024-11-12 14:02:54,965 [INFO] PluginManager:220 - loadIPPluginJar : add radio
2024-11-12 14:02:54,967 [INFO] IPUIPlugin:80 - create IPUIPlugin
2024-11-12 14:02:54,967 [INFO] PluginManager:220 - loadIPPluginJar : add touchsensing
2024-11-12 14:02:54,969 [INFO] IPUIPlugin:80 - create IPUIPlugin
2024-11-12 14:02:54,969 [INFO] PluginManager:220 - loadIPPluginJar : add gpio
2024-11-12 14:02:54,970 [INFO] IPUIPlugin:80 - create IPUIPlugin
2024-11-12 14:02:54,970 [INFO] PluginManager:220 - loadIPPluginJar : add i2s
2024-11-12 14:02:54,972 [INFO] IPUIPlugin:80 - create IPUIPlugin
2024-11-12 14:02:54,973 [INFO] PluginManager:220 - loadIPPluginJar : add nvic
2024-11-12 14:02:54,974 [INFO] IPUIPlugin:80 - create IPUIPlugin
2024-11-12 14:02:54,974 [INFO] PluginManager:220 - loadIPPluginJar : add ipddr
2024-11-12 14:02:54,977 [INFO] IPUIPlugin:80 - create IPUIPlugin
2024-11-12 14:02:54,977 [INFO] PluginManager:220 - loadIPPluginJar : add adc
2024-11-12 14:02:54,979 [INFO] IPUIPlugin:80 - create IPUIPlugin
2024-11-12 14:02:54,979 [INFO] PluginManager:220 - loadIPPluginJar : add stm32_wpan
2024-11-12 14:02:54,980 [INFO] IPUIPlugin:80 - create IPUIPlugin
2024-11-12 14:02:54,980 [INFO] PluginManager:220 - loadIPPluginJar : add dfsdm
2024-11-12 14:02:54,981 [INFO] IPUIPlugin:80 - create IPUIPlugin
2024-11-12 14:02:54,981 [INFO] PluginManager:220 - loadIPPluginJar : add ddr_ctrl_phy
2024-11-12 14:02:54,984 [INFO] IPUIPlugin:80 - create IPUIPlugin
2024-11-12 14:02:54,984 [INFO] PluginManager:220 - loadIPPluginJar : add gic
2024-11-12 14:02:54,987 [INFO] IPUIPlugin:80 - create IPUIPlugin
2024-11-12 14:02:54,987 [INFO] PluginManager:220 - loadIPPluginJar : add dma
2024-11-12 14:02:54,988 [INFO] IPUIPlugin:80 - create IPUIPlugin
2024-11-12 14:02:54,988 [INFO] PluginManager:220 - loadIPPluginJar : add usbx
2024-11-12 14:02:54,989 [INFO] IPUIPlugin:80 - create IPUIPlugin
2024-11-12 14:02:54,989 [INFO] PluginManager:220 - loadIPPluginJar : add tsc
2024-11-12 14:02:54,990 [INFO] IPUIPlugin:80 - create IPUIPlugin
2024-11-12 14:02:54,990 [INFO] PluginManager:220 - loadIPPluginJar : add ltdc
2024-11-12 14:02:55,079 [INFO] CADModel:165 - CPN selected for project level
2024-11-12 14:02:55,079 [INFO] CADModel:114 - Register for checkConnection events
2024-11-12 14:02:55,079 [FATAL] Updater:334 - Updater called before beeing initialized
2024-11-12 14:02:55,079 [ERROR] CADModel:125 - Updater not yet initialized, retry later 
2024-11-12 14:02:55,147 [INFO] CADModel:165 - CPN selected for project level
2024-11-12 14:02:55,147 [INFO] CADModel:114 - Register for checkConnection events
2024-11-12 14:02:55,147 [FATAL] Updater:334 - Updater called before beeing initialized
2024-11-12 14:02:55,147 [ERROR] CADModel:125 - Updater not yet initialized, retry later 
2024-11-12 14:02:55,149 [FATAL] Updater:334 - Updater called before beeing initialized
2024-11-12 14:02:55,201 [FATAL] Updater:334 - Updater called before beeing initialized
2024-11-12 14:02:55,203 [INFO] DbMcusAds:53 - JSON generation date=Thu Sep 30 03:55:09 ART 2021 (1632984909247)
2024-11-12 14:02:55,203 [FATAL] Updater:334 - Updater called before beeing initialized
2024-11-12 14:02:55,226 [WARN] DetailPanel:346 - Failed to get advertising image, set to default
2024-11-12 14:02:55,272 [FATAL] Updater:334 - Updater called before beeing initialized
2024-11-12 14:02:55,273 [FATAL] Updater:334 - Updater called before beeing initialized
2024-11-12 14:02:55,273 [FATAL] Updater:334 - Updater called before beeing initialized
2024-11-12 14:02:55,273 [WARN] DetailPanel:346 - Failed to get advertising image, set to default
2024-11-12 14:02:55,274 [FATAL] Updater:334 - Updater called before beeing initialized
2024-11-12 14:02:55,290 [ERROR] Updater:1164 - MainUpdater not yet initialized. External WinMGr cannot be set.
2024-11-12 14:02:55,291 [INFO] Updater:1100 - Updater Version found : 6.12.1
2024-11-12 14:02:55,303 [INFO] ApplicationProperties:184 - Using Application install path: /opt/st/stm32cubeide_1.16.1/plugins/com.st.stm32cube.common.mx_6.12.1.202409122256
2024-11-12 14:02:55,310 [ERROR] LogOutputStream:75 - [STDERR_REDIRECT] Nov 12, 2024 2:02:55 PM java.util.prefs.FileSystemPreferences$2 run
2024-11-12 14:02:55,310 [ERROR] LogOutputStream:75 - [STDERR_REDIRECT] WARNING: Could not create system preferences directory. System preferences are unusable.
2024-11-12 14:02:55,310 [ERROR] LogOutputStream:75 - [STDERR_REDIRECT] 
2024-11-12 14:02:56,922 [INFO] MainUpdater:2873 - connection check result : 10
2024-11-12 14:02:56,922 [INFO] MainUpdater:3567 - Updater definition file requires update
2024-11-12 14:02:56,922 [INFO] MainUpdater:290 - Updater Check For Update Now.
2024-11-12 14:02:56,922 [INFO] MicroXplorer:498 - Change Database Version : DB.6.0.121
2024-11-12 14:02:56,928 [INFO] McuFinderGlobals:63 - Set McuFinder mode to 2 (CubeIDE integrated)
2024-11-12 14:02:56,928 [INFO] UserAuth:179 - activating auth plugin
2024-11-12 14:02:56,930 [INFO] UserAuth:417 - Internet connection configuration mode: 1
2024-11-12 14:02:56,959 [INFO] JxBrowserEngine:152 - Initiate JxBrowser Engine with user profile folder
2024-11-12 14:02:56,963 [INFO] ServerAccessManage:473 - Download File updaters.zip
2024-11-12 14:02:57,006 [INFO] FileExtend:240 - Unzip File : updaters.zip
2024-11-12 14:02:57,007 [INFO] FileExtend:255 - Standard Zip Deflate
2024-11-12 14:02:57,279 [INFO] ServerAccessManage:473 - Download File PacksControlFlags.xml
2024-11-12 14:02:57,317 [INFO] ServerAccessManage:473 - Download File cubemx.pidx
2024-11-12 14:02:57,567 [INFO] ServerAccessManage:473 - Download File STMicroelectronics.FP-ATR-ASTRA1.pdsc
2024-11-12 14:02:57,677 [WARN] MainUpdater:1194 - Updater busy. Cannot search thirdparties
2024-11-12 14:02:57,677 [INFO] ThirdPartyUpdaterWithRetryManager:96 - Updater plugin is busy. [1/15]
2024-11-12 14:02:58,479 [INFO] WebApp:167 - Instantiating new browser for Auth
2024-11-12 14:02:59,370 [INFO] WebApp:448 - Apply proxy settings
2024-11-12 14:02:59,370 [INFO] WebApp:533 - Chromium requires no authentication
2024-11-12 14:02:59,410 [INFO] WebApp:476 - Direct internet connection detected
2024-11-12 14:02:59,448 [INFO] ServerAccessManage:473 - Download File quantropi.X-CUBE-qispace-sdk-base.pdsc
2024-11-12 14:02:59,479 [INFO] WebApp:869 - Register for checkConnection events
2024-11-12 14:02:59,480 [INFO] WebApp:448 - Apply proxy settings
2024-11-12 14:02:59,480 [INFO] WebApp:533 - Chromium requires no authentication
2024-11-12 14:02:59,480 [INFO] WebApp:476 - Direct internet connection detected
2024-11-12 14:02:59,697 [INFO] WebApp:220 - Starting web application
2024-11-12 14:02:59,698 [INFO] WebApp:578 - Web application path used /opt/st/stm32cubeide_1.16.1/plugins/com.st.stm32cube.common.mx_6.12.1.202409122256/db/plugins/mcufinder/reactClient1/index.html
2024-11-12 14:02:59,707 [WARN] PackLoader:240 - Cannot read IP mode file for STMicroelectronics.FP-ATR-ASTRA1.2.0.1
2024-11-12 14:02:59,712 [WARN] ConditionMgr:438 - getConditionDescription Invalid condition id : Cortex-A Device cause : null
2024-11-12 14:02:59,720 [WARN] ConditionMgr:1039 - genDependencies : Invalid condition id : Cortex-A Device cause : null
2024-11-12 14:02:59,721 [WARN] ConditionMgr:1039 - genDependencies : Invalid condition id : Cortex-A Device cause : null
2024-11-12 14:02:59,721 [WARN] ConditionMgr:1039 - genDependencies : Invalid condition id : Cortex-A Device cause : null
2024-11-12 14:02:59,721 [INFO] PopulateThirdPartyThread:66 - Ending populate Thread
2024-11-12 14:02:59,722 [INFO] ThirdParty:1030 - CMSIS Pack Vendor :STMicroelectronics FP-ATR-ASTRA1 2.0.1
2024-11-12 14:02:59,722 [INFO] ThirdParty:1030 - CMSIS Pack Vendor :quantropi X-CUBE-qispace-sdk-base 1.9.3
2024-11-12 14:02:59,722 [INFO] LoadServerUpdatesThread:375 - End of LoadServerUpdate Thread
2024-11-12 14:02:59,828 [INFO] CheckServerUpdateThread:120 - End of CheckServer Thread
2024-11-12 14:03:00,238 [INFO] WebApp:186 - Connection restablished
2024-11-12 14:03:00,728 [WARN] PackLoader:240 - Cannot read IP mode file for STMicroelectronics.FP-SNS-MOTENVWB1.1.4.0
2024-11-12 14:03:00,730 [WARN] PackLoader:240 - Cannot read IP mode file for STMicroelectronics.FP-ATR-ASTRA1.2.0.1
2024-11-12 14:03:00,733 [WARN] PackLoader:240 - Cannot read IP mode file for STMicroelectronics.X-CUBE-SMBUS.2.1.0
2024-11-12 14:03:00,737 [WARN] PackLoader:240 - Cannot read IP mode file for STMicroelectronics.X-CUBE-WB05N.1.1.0
2024-11-12 14:03:00,751 [WARN] PackLoader:240 - Cannot read IP mode file for STMicroelectronics.X-CUBE-AZRTOS-F7.1.1.0
2024-11-12 14:03:00,785 [WARN] PackLoader:240 - Cannot read IP mode file for STMicroelectronics.X-CUBE-MEMS1.11.0.0
2024-11-12 14:03:00,859 [WARN] PackLoader:240 - Cannot read IP mode file for STMicroelectronics.FP-SNS-FLIGHT1.5.0.2
2024-11-12 14:03:00,862 [WARN] PackLoader:240 - Cannot read IP mode file for STMicroelectronics.X-CUBE-DISPLAY.3.0.0
2024-11-12 14:03:00,866 [WARN] PackLoader:240 - Cannot read IP mode file for STMicroelectronics.X-CUBE-BLE1.7.0.0
2024-11-12 14:03:00,869 [WARN] PackLoader:240 - Cannot read IP mode file for STMicroelectronics.X-CUBE-NFC10.1.0.0
2024-11-12 14:03:00,872 [WARN] PackLoader:240 - Cannot read IP mode file for emotas.I-CUBE-CANOPEN.1.3.0
2024-11-12 14:03:00,880 [WARN] PackLoader:240 - Cannot read IP mode file for STMicroelectronics.X-CUBE-BLEMGR.3.1.0
2024-11-12 14:03:00,884 [WARN] PackLoader:240 - Cannot read IP mode file for STMicroelectronics.FP-SNS-SMARTAG2.1.2.0
2024-11-12 14:03:00,891 [INFO] LogOutputStream:77 - [STDOUT_REDIRECT] 1 : Invalid condition id : UX_CORESTACK_Condition cause : null
2024-11-12 14:03:00,891 [INFO] LogOutputStream:77 - [STDOUT_REDIRECT] 1 : Invalid condition id : UX_CORESTACK_Condition cause : null
2024-11-12 14:03:00,891 [INFO] LogOutputStream:77 - [STDOUT_REDIRECT] 1 : Invalid condition id : UX_CORESTACK_Condition cause : null
2024-11-12 14:03:00,891 [INFO] LogOutputStream:77 - [STDOUT_REDIRECT] 1 : Invalid condition id : UX_CORESTACK_Condition cause : null
2024-11-12 14:03:00,892 [INFO] LogOutputStream:77 - [STDOUT_REDIRECT] 1 : Invalid condition id : UX_CORESTACK_Condition cause : null
2024-11-12 14:03:00,894 [WARN] PackLoader:240 - Cannot read IP mode file for STMicroelectronics.X-CUBE-AZRTOS-WL.2.0.0
2024-11-12 14:03:00,897 [WARN] PackLoader:240 - Cannot read IP mode file for STMicroelectronics.FP-SNS-MOTENV1.5.0.0
2024-11-12 14:03:00,900 [WARN] PackLoader:240 - Cannot read IP mode file for wolfSSL.I-CUBE-wolfMQTT.1.19.0
2024-11-12 14:03:00,904 [WARN] PackLoader:240 - Cannot read IP mode file for WES.I-CUBE-Cesium.1.3.0
2024-11-12 14:03:00,907 [WARN] PackLoader:240 - Cannot read IP mode file for STMicroelectronics.X-CUBE-BLE2.3.3.0
2024-11-12 14:03:00,911 [WARN] PackLoader:240 - Cannot read IP mode file for STMicroelectronics.X-CUBE-NFC9.1.0.0
2024-11-12 14:03:00,915 [WARN] PackLoader:240 - Cannot read IP mode file for STMicroelectronics.X-CUBE-TCPP.4.1.0
2024-11-12 14:03:00,927 [WARN] PackLoader:240 - Cannot read IP mode file for STMicroelectronics.X-CUBE-AZRTOS-G0.1.1.0
2024-11-12 14:03:00,933 [WARN] PackLoader:240 - Cannot read IP mode file for STMicroelectronics.X-CUBE-SAFEA1.1.2.2
2024-11-12 14:03:00,937 [WARN] PackLoader:240 - Cannot read IP mode file for STMicroelectronics.X-CUBE-NFC4.3.0.0
2024-11-12 14:03:00,942 [WARN] PackLoader:240 - Cannot read IP mode file for EmbeddedOffice.I-CUBE-FS-RTOS.1.0.1
2024-11-12 14:03:00,942 [ERROR] ConditionMgr:805 - Attr not supported : Dmpu
2024-11-12 14:03:00,943 [ERROR] ConditionMgr:805 - Attr not supported : Dmpu
2024-11-12 14:03:00,943 [ERROR] ConditionMgr:805 - Attr not supported : Dmpu
2024-11-12 14:03:00,943 [ERROR] ConditionMgr:805 - Attr not supported : Dmpu
2024-11-12 14:03:00,943 [ERROR] ConditionMgr:805 - Attr not supported : Dmpu
2024-11-12 14:03:00,943 [ERROR] ConditionMgr:805 - Attr not supported : Dmpu
2024-11-12 14:03:00,943 [ERROR] ConditionMgr:805 - Attr not supported : Dmpu
2024-11-12 14:03:00,943 [ERROR] ConditionMgr:805 - Attr not supported : Dmpu
2024-11-12 14:03:00,943 [ERROR] ConditionMgr:805 - Attr not supported : Dmpu
2024-11-12 14:03:00,943 [ERROR] ConditionMgr:805 - Attr not supported : Dmpu
2024-11-12 14:03:00,943 [ERROR] ConditionMgr:805 - Attr not supported : Dmpu
2024-11-12 14:03:00,943 [ERROR] ConditionMgr:805 - Attr not supported : Dmpu
2024-11-12 14:03:00,943 [ERROR] ConditionMgr:805 - Attr not supported : Dmpu
2024-11-12 14:03:00,943 [ERROR] ConditionMgr:805 - Attr not supported : Dmpu
2024-11-12 14:03:00,943 [ERROR] ConditionMgr:805 - Attr not supported : Dmpu
2024-11-12 14:03:00,943 [ERROR] ConditionMgr:805 - Attr not supported : Dmpu
2024-11-12 14:03:00,943 [ERROR] ConditionMgr:805 - Attr not supported : Dmpu
2024-11-12 14:03:00,943 [ERROR] ConditionMgr:805 - Attr not supported : Dmpu
2024-11-12 14:03:00,943 [ERROR] ConditionMgr:805 - Attr not supported : Dmpu
2024-11-12 14:03:00,943 [ERROR] ConditionMgr:805 - Attr not supported : Dmpu
2024-11-12 14:03:00,943 [ERROR] ConditionMgr:805 - Attr not supported : Dmpu
2024-11-12 14:03:00,943 [ERROR] ConditionMgr:805 - Attr not supported : Dmpu
2024-11-12 14:03:00,943 [ERROR] ConditionMgr:805 - Attr not supported : Dmpu
2024-11-12 14:03:00,943 [ERROR] ConditionMgr:805 - Attr not supported : Dmpu
2024-11-12 14:03:00,943 [ERROR] ConditionMgr:805 - Attr not supported : Dmpu
2024-11-12 14:03:00,943 [ERROR] ConditionMgr:805 - Attr not supported : Dmpu
2024-11-12 14:03:00,943 [ERROR] ConditionMgr:805 - Attr not supported : Dmpu
2024-11-12 14:03:00,944 [ERROR] ConditionMgr:805 - Attr not supported : Dmpu
2024-11-12 14:03:00,944 [ERROR] ConditionMgr:805 - Attr not supported : Dmpu
2024-11-12 14:03:00,944 [ERROR] ConditionMgr:805 - Attr not supported : Dmpu
2024-11-12 14:03:00,944 [ERROR] ConditionMgr:805 - Attr not supported : Dmpu
2024-11-12 14:03:00,944 [ERROR] ConditionMgr:805 - Attr not supported : Dmpu
2024-11-12 14:03:00,944 [ERROR] ConditionMgr:805 - Attr not supported : Dmpu
2024-11-12 14:03:00,944 [ERROR] ConditionMgr:805 - Attr not supported : Dmpu
2024-11-12 14:03:00,944 [ERROR] ConditionMgr:805 - Attr not supported : Dmpu
2024-11-12 14:03:00,944 [ERROR] ConditionMgr:805 - Attr not supported : Dmpu
2024-11-12 14:03:00,944 [ERROR] ConditionMgr:805 - Attr not supported : Dmpu
2024-11-12 14:03:00,944 [ERROR] ConditionMgr:805 - Attr not supported : Dmpu
2024-11-12 14:03:00,944 [ERROR] ConditionMgr:805 - Attr not supported : Dmpu
2024-11-12 14:03:00,944 [ERROR] ConditionMgr:805 - Attr not supported : Dmpu
2024-11-12 14:03:00,944 [ERROR] ConditionMgr:805 - Attr not supported : Dmpu
2024-11-12 14:03:00,944 [ERROR] ConditionMgr:805 - Attr not supported : Dmpu
2024-11-12 14:03:00,944 [ERROR] ConditionMgr:805 - Attr not supported : Dmpu
2024-11-12 14:03:00,944 [ERROR] ConditionMgr:805 - Attr not supported : Dmpu
2024-11-12 14:03:00,944 [ERROR] ConditionMgr:805 - Attr not supported : Dmpu
2024-11-12 14:03:00,944 [ERROR] ConditionMgr:805 - Attr not supported : Dmpu
2024-11-12 14:03:00,944 [ERROR] ConditionMgr:805 - Attr not supported : Dmpu
2024-11-12 14:03:00,944 [ERROR] ConditionMgr:805 - Attr not supported : Dmpu
2024-11-12 14:03:00,944 [ERROR] ConditionMgr:805 - Attr not supported : Dmpu
2024-11-12 14:03:00,944 [ERROR] ConditionMgr:805 - Attr not supported : Dmpu
2024-11-12 14:03:00,944 [ERROR] ConditionMgr:805 - Attr not supported : Dmpu
2024-11-12 14:03:00,944 [ERROR] ConditionMgr:805 - Attr not supported : Dmpu
2024-11-12 14:03:00,944 [ERROR] ConditionMgr:805 - Attr not supported : Dmpu
2024-11-12 14:03:00,944 [ERROR] ConditionMgr:805 - Attr not supported : Dmpu
2024-11-12 14:03:00,945 [ERROR] ConditionMgr:805 - Attr not supported : Dmpu
2024-11-12 14:03:00,945 [ERROR] ConditionMgr:805 - Attr not supported : Dmpu
2024-11-12 14:03:00,945 [ERROR] ConditionMgr:805 - Attr not supported : Dmpu
2024-11-12 14:03:00,945 [ERROR] ConditionMgr:805 - Attr not supported : Dmpu
2024-11-12 14:03:00,945 [ERROR] ConditionMgr:805 - Attr not supported : Dmpu
2024-11-12 14:03:00,945 [ERROR] ConditionMgr:805 - Attr not supported : Dmpu
2024-11-12 14:03:00,945 [ERROR] ConditionMgr:805 - Attr not supported : Dmpu
2024-11-12 14:03:00,945 [ERROR] ConditionMgr:805 - Attr not supported : Dmpu
2024-11-12 14:03:00,945 [ERROR] ConditionMgr:805 - Attr not supported : Dmpu
2024-11-12 14:03:00,945 [ERROR] ConditionMgr:805 - Attr not supported : Dmpu
2024-11-12 14:03:00,947 [WARN] PackLoader:240 - Cannot read IP mode file for RealThread.X-CUBE-RT-Thread_Nano.4.1.1
2024-11-12 14:03:00,948 [WARN] PackLoader:240 - Cannot read IP mode file for STMicroelectronics.FP-ATR-SIGFOX1.3.2.0
2024-11-12 14:03:00,950 [WARN] PackLoader:240 - Cannot read IP mode file for wolfSSL.I-CUBE-wolfSSL.5.7.2
2024-11-12 14:03:00,952 [WARN] ConditionMgr:438 - getConditionDescription Invalid condition id : Cortex-A Device cause : null
2024-11-12 14:03:00,957 [WARN] ConditionMgr:1039 - genDependencies : Invalid condition id : Cortex-A Device cause : null
2024-11-12 14:03:00,957 [WARN] ConditionMgr:1039 - genDependencies : Invalid condition id : Cortex-A Device cause : null
2024-11-12 14:03:00,957 [WARN] ConditionMgr:1039 - genDependencies : Invalid condition id : Cortex-A Device cause : null
2024-11-12 14:03:00,961 [WARN] PackLoader:240 - Cannot read IP mode file for STMicroelectronics.X-CUBE-EEPRMA1.5.1.0
2024-11-12 14:03:00,967 [WARN] PackLoader:240 - Cannot read IP mode file for ITTIA_DB.I-CUBE-ITTIADB.8.9.0
2024-11-12 14:03:00,990 [WARN] PackLoader:240 - Cannot read IP mode file for SEGGER.I-CUBE-embOS.1.3.1
2024-11-12 14:03:01,015 [WARN] PackLoader:240 - Cannot read IP mode file for STMicroelectronics.X-CUBE-ALGOBUILD.1.4.0
2024-11-12 14:03:01,017 [WARN] PackLoader:240 - Cannot read IP mode file for STMicroelectronics.X-CUBE-AI.9.1.0
2024-11-12 14:03:01,030 [WARN] PackLoader:240 - Cannot read IP mode file for STMicroelectronics.X-CUBE-AZRTOS-F4.1.1.0
2024-11-12 14:03:01,035 [WARN] PackLoader:240 - Cannot read IP mode file for STMicroelectronics.X-CUBE-ISPU.2.1.0
2024-11-12 14:03:01,038 [WARN] PackLoader:240 - Cannot read IP mode file for STMicroelectronics.X-CUBE-FREERTOS.1.2.0
2024-11-12 14:03:01,048 [WARN] PackLoader:240 - Cannot read IP mode file for STMicroelectronics.X-CUBE-AZRTOS-L5.2.0.0
2024-11-12 14:03:01,053 [WARN] PackLoader:240 - Cannot read IP mode file for STMicroelectronics.X-CUBE-NFC6.3.1.0
2024-11-12 14:03:01,056 [WARN] PackLoader:240 - Cannot read IP mode file for STMicroelectronics.X-CUBE-DPower.1.2.0
2024-11-12 14:03:01,059 [WARN] PackLoader:240 - Cannot read IP mode file for STMicroelectronics.X-CUBE-NFC7.1.0.1
2024-11-12 14:03:01,068 [WARN] ConditionMgr:438 - getConditionDescription Invalid condition id : LAN8742 Phy interface Condition cause : null
2024-11-12 14:03:01,069 [WARN] PackLoader:240 - Cannot read IP mode file for STMicroelectronics.X-CUBE-AZRTOS-L4.2.0.0
2024-11-12 14:03:01,069 [WARN] ConditionMgr:1039 - genDependencies : Invalid condition id : LAN8742 Phy interface Condition cause : null
2024-11-12 14:03:01,069 [WARN] ConditionMgr:1039 - genDependencies : Invalid condition id : LAN8742 Phy interface Condition cause : null
2024-11-12 14:03:01,070 [WARN] ConditionMgr:1039 - genDependencies : Invalid condition id : LAN8742 Phy interface Condition cause : null
2024-11-12 14:03:01,073 [WARN] PackLoader:240 - Cannot read IP mode file for STMicroelectronics.X-CUBE-SFXS2LP1.4.0.0
2024-11-12 14:03:01,083 [WARN] PackLoader:240 - Cannot read IP mode file for STMicroelectronics.X-CUBE-AZRTOS-H7.3.3.0
2024-11-12 14:03:01,089 [WARN] PackLoader:240 - Cannot read IP mode file for STMicroelectronics.X-CUBE-IPS.3.0.0
2024-11-12 14:03:01,097 [WARN] ConditionMgr:438 - getConditionDescription Invalid condition id : UX DEVICE CLASS RTOS Condition cause : null
2024-11-12 14:03:01,097 [WARN] ConditionMgr:438 - getConditionDescription Invalid condition id : UX DEVICE CLASS RTOS Condition cause : null
2024-11-12 14:03:01,098 [WARN] PackLoader:240 - Cannot read IP mode file for STMicroelectronics.X-CUBE-AZRTOS-WB.2.0.0
2024-11-12 14:03:01,099 [WARN] ConditionMgr:1039 - genDependencies : Invalid condition id : UX DEVICE CLASS RTOS Condition cause : null
2024-11-12 14:03:01,099 [WARN] ConditionMgr:1039 - genDependencies : Invalid condition id : UX DEVICE CLASS RTOS Condition cause : null
2024-11-12 14:03:01,099 [WARN] ConditionMgr:1039 - genDependencies : Invalid condition id : UX DEVICE CLASS RTOS Condition cause : null
2024-11-12 14:03:01,099 [WARN] ConditionMgr:1039 - genDependencies : Invalid condition id : UX DEVICE CLASS RTOS Condition cause : null
2024-11-12 14:03:01,099 [WARN] ConditionMgr:1039 - genDependencies : Invalid condition id : UX DEVICE CLASS RTOS Condition cause : null
2024-11-12 14:03:01,103 [WARN] PackLoader:240 - Cannot read IP mode file for STMicroelectronics.X-CUBE-GNSS1.7.0.0
2024-11-12 14:03:01,106 [WARN] PackLoader:240 - Cannot read IP mode file for STMicroelectronics.FP-SNS-STBOX1.2.0.0
2024-11-12 14:03:01,112 [WARN] PackLoader:240 - Cannot read IP mode file for STMicroelectronics.X-CUBE-SUBG2.5.0.0
2024-11-12 14:03:01,116 [WARN] PackLoader:240 - Cannot read IP mode file for Cesanta.I-CUBE-Mongoose.7.13.0
2024-11-12 14:03:01,122 [WARN] PackLoader:240 - Cannot read IP mode file for STMicroelectronics.X-CUBE-AZRTOS-G4.2.0.0
2024-11-12 14:03:01,125 [WARN] PackLoader:240 - Cannot read IP mode file for STMicroelectronics.X-CUBE-ALS.1.0.2
2024-11-12 14:03:01,127 [WARN] PackLoader:240 - Cannot read IP mode file for STMicroelectronics.X-CUBE-TOUCHGFX.4.24.1
2024-11-12 14:03:01,128 [WARN] PackLoader:240 - Cannot read IP mode file for wolfSSL.I-CUBE-wolfTPM.3.4.0
2024-11-12 14:03:01,130 [WARN] PackLoader:240 - Cannot read IP mode file for portGmbH.I-Cube-SoM-uGOAL.1.1.0
2024-11-12 14:03:01,139 [WARN] PackLoader:240 - Cannot read IP mode file for STMicroelectronics.X-CUBE-AZRTOS-H7RS.1.0.0
2024-11-12 14:03:01,141 [WARN] PackLoader:240 - Cannot read IP mode file for STMicroelectronics.FP-ATR-ASTRA1.2.0.0
2024-11-12 14:03:01,145 [WARN] PackLoader:240 - Cannot read IP mode file for STMicroelectronics.X-CUBE-TOF1.3.4.2
2024-11-12 14:03:01,163 [WARN] PackLoader:240 - Cannot read IP mode file for Infineon.AIROC-Wi-Fi-Bluetooth-STM32.1.6.1
2024-11-12 14:03:01,166 [WARN] PackLoader:240 - Cannot read IP mode file for wolfSSL.I-CUBE-wolfSSH.1.4.17
2024-11-12 14:03:01,167 [INFO] ThirdParty:978 - Integrity check success = true
2024-11-12 14:03:01,167 [INFO] IntegrityCheckThread:100 - exiting critical section [integrity check]
2024-11-12 14:03:01,167 [INFO] IntegrityCheckThread:103 - End integrity checks thread
2024-11-12 14:03:22,727 [ERROR] LogOutputStream:75 - [STDERR_REDIRECT] Nov 12, 2024 2:03:22 PM java.util.prefs.FileSystemPreferences checkLockFile0ErrorCode
2024-11-12 14:03:22,727 [ERROR] LogOutputStream:75 - [STDERR_REDIRECT] WARNING: Could not lock System prefs. Unix error code 2.
2024-11-12 14:03:22,727 [ERROR] LogOutputStream:75 - [STDERR_REDIRECT] 
2024-11-12 14:03:22,728 [ERROR] LogOutputStream:75 - [STDERR_REDIRECT] Nov 12, 2024 2:03:22 PM java.util.prefs.FileSystemPreferences syncWorld
2024-11-12 14:03:22,728 [ERROR] LogOutputStream:75 - [STDERR_REDIRECT] WARNING: Couldn't flush system prefs: java.util.prefs.BackingStoreException: Couldn't get file lock.
2024-11-12 14:03:22,728 [ERROR] LogOutputStream:75 - [STDERR_REDIRECT] 
2024-11-12 14:03:52,721 [ERROR] LogOutputStream:75 - [STDERR_REDIRECT] Nov 12, 2024 2:03:52 PM java.util.prefs.FileSystemPreferences checkLockFile0ErrorCode
2024-11-12 14:03:52,721 [ERROR] LogOutputStream:75 - [STDERR_REDIRECT] WARNING: Could not lock System prefs. Unix error code 2.
2024-11-12 14:03:52,721 [ERROR] LogOutputStream:75 - [STDERR_REDIRECT] 
2024-11-12 14:03:52,721 [ERROR] LogOutputStream:75 - [STDERR_REDIRECT] Nov 12, 2024 2:03:52 PM java.util.prefs.FileSystemPreferences syncWorld
2024-11-12 14:03:52,721 [ERROR] LogOutputStream:75 - [STDERR_REDIRECT] WARNING: Couldn't flush system prefs: java.util.prefs.BackingStoreException: Couldn't get file lock.
2024-11-12 14:03:52,721 [ERROR] LogOutputStream:75 - [STDERR_REDIRECT] 
2024-11-12 14:04:22,723 [ERROR] LogOutputStream:75 - [STDERR_REDIRECT] Nov 12, 2024 2:04:22 PM java.util.prefs.FileSystemPreferences checkLockFile0ErrorCode
2024-11-12 14:04:22,723 [ERROR] LogOutputStream:75 - [STDERR_REDIRECT] WARNING: Could not lock System prefs. Unix error code 2.
2024-11-12 14:04:22,723 [ERROR] LogOutputStream:75 - [STDERR_REDIRECT] 
2024-11-12 14:04:22,724 [ERROR] LogOutputStream:75 - [STDERR_REDIRECT] Nov 12, 2024 2:04:22 PM java.util.prefs.FileSystemPreferences syncWorld
2024-11-12 14:04:22,725 [ERROR] LogOutputStream:75 - [STDERR_REDIRECT] WARNING: Couldn't flush system prefs: java.util.prefs.BackingStoreException: Couldn't get file lock.
2024-11-12 14:04:22,725 [ERROR] LogOutputStream:75 - [STDERR_REDIRECT] 
2024-11-12 14:04:52,723 [ERROR] LogOutputStream:75 - [STDERR_REDIRECT] Nov 12, 2024 2:04:52 PM java.util.prefs.FileSystemPreferences checkLockFile0ErrorCode
2024-11-12 14:04:52,724 [ERROR] LogOutputStream:75 - [STDERR_REDIRECT] WARNING: Could not lock System prefs. Unix error code 2.
2024-11-12 14:04:52,724 [ERROR] LogOutputStream:75 - [STDERR_REDIRECT] 
2024-11-12 14:04:52,724 [ERROR] LogOutputStream:75 - [STDERR_REDIRECT] Nov 12, 2024 2:04:52 PM java.util.prefs.FileSystemPreferences syncWorld
2024-11-12 14:04:52,724 [ERROR] LogOutputStream:75 - [STDERR_REDIRECT] WARNING: Couldn't flush system prefs: java.util.prefs.BackingStoreException: Couldn't get file lock.
2024-11-12 14:04:52,724 [ERROR] LogOutputStream:75 - [STDERR_REDIRECT] 
2024-11-12 14:05:22,724 [ERROR] LogOutputStream:75 - [STDERR_REDIRECT] Nov 12, 2024 2:05:22 PM java.util.prefs.FileSystemPreferences checkLockFile0ErrorCode
2024-11-12 14:05:22,724 [ERROR] LogOutputStream:75 - [STDERR_REDIRECT] WARNING: Could not lock System prefs. Unix error code 2.
2024-11-12 14:05:22,725 [ERROR] LogOutputStream:75 - [STDERR_REDIRECT] 
2024-11-12 14:05:22,725 [ERROR] LogOutputStream:75 - [STDERR_REDIRECT] Nov 12, 2024 2:05:22 PM java.util.prefs.FileSystemPreferences syncWorld
2024-11-12 14:05:22,726 [ERROR] LogOutputStream:75 - [STDERR_REDIRECT] WARNING: Couldn't flush system prefs: java.util.prefs.BackingStoreException: Couldn't get file lock.
2024-11-12 14:05:22,726 [ERROR] LogOutputStream:75 - [STDERR_REDIRECT] 
2024-11-12 14:05:52,722 [ERROR] LogOutputStream:75 - [STDERR_REDIRECT] Nov 12, 2024 2:05:52 PM java.util.prefs.FileSystemPreferences checkLockFile0ErrorCode
2024-11-12 14:05:52,722 [ERROR] LogOutputStream:75 - [STDERR_REDIRECT] WARNING: Could not lock System prefs. Unix error code 2.
2024-11-12 14:05:52,722 [ERROR] LogOutputStream:75 - [STDERR_REDIRECT] 
2024-11-12 14:05:52,723 [ERROR] LogOutputStream:75 - [STDERR_REDIRECT] Nov 12, 2024 2:05:52 PM java.util.prefs.FileSystemPreferences syncWorld
2024-11-12 14:05:52,723 [ERROR] LogOutputStream:75 - [STDERR_REDIRECT] WARNING: Couldn't flush system prefs: java.util.prefs.BackingStoreException: Couldn't get file lock.
2024-11-12 14:05:52,723 [ERROR] LogOutputStream:75 - [STDERR_REDIRECT] 
2024-11-12 14:06:22,722 [ERROR] LogOutputStream:75 - [STDERR_REDIRECT] Nov 12, 2024 2:06:22 PM java.util.prefs.FileSystemPreferences checkLockFile0ErrorCode
2024-11-12 14:06:22,722 [ERROR] LogOutputStream:75 - [STDERR_REDIRECT] WARNING: Could not lock System prefs. Unix error code 2.
2024-11-12 14:06:22,722 [ERROR] LogOutputStream:75 - [STDERR_REDIRECT] 
2024-11-12 14:06:22,722 [ERROR] LogOutputStream:75 - [STDERR_REDIRECT] Nov 12, 2024 2:06:22 PM java.util.prefs.FileSystemPreferences syncWorld
2024-11-12 14:06:22,722 [ERROR] LogOutputStream:75 - [STDERR_REDIRECT] WARNING: Couldn't flush system prefs: java.util.prefs.BackingStoreException: Couldn't get file lock.
2024-11-12 14:06:22,722 [ERROR] LogOutputStream:75 - [STDERR_REDIRECT] 
2024-11-12 14:06:52,724 [ERROR] LogOutputStream:75 - [STDERR_REDIRECT] Nov 12, 2024 2:06:52 PM java.util.prefs.FileSystemPreferences checkLockFile0ErrorCode
2024-11-12 14:06:52,725 [ERROR] LogOutputStream:75 - [STDERR_REDIRECT] WARNING: Could not lock System prefs. Unix error code 2.
2024-11-12 14:06:52,725 [ERROR] LogOutputStream:75 - [STDERR_REDIRECT] 
2024-11-12 14:06:52,726 [ERROR] LogOutputStream:75 - [STDERR_REDIRECT] Nov 12, 2024 2:06:52 PM java.util.prefs.FileSystemPreferences syncWorld
2024-11-12 14:06:52,727 [ERROR] LogOutputStream:75 - [STDERR_REDIRECT] WARNING: Couldn't flush system prefs: java.util.prefs.BackingStoreException: Couldn't get file lock.
2024-11-12 14:06:52,727 [ERROR] LogOutputStream:75 - [STDERR_REDIRECT] 
2024-11-12 14:07:22,724 [ERROR] LogOutputStream:75 - [STDERR_REDIRECT] Nov 12, 2024 2:07:22 PM java.util.prefs.FileSystemPreferences checkLockFile0ErrorCode
2024-11-12 14:07:22,724 [ERROR] LogOutputStream:75 - [STDERR_REDIRECT] WARNING: Could not lock System prefs. Unix error code 2.
2024-11-12 14:07:22,725 [ERROR] LogOutputStream:75 - [STDERR_REDIRECT] 
2024-11-12 14:07:22,725 [ERROR] LogOutputStream:75 - [STDERR_REDIRECT] Nov 12, 2024 2:07:22 PM java.util.prefs.FileSystemPreferences syncWorld
2024-11-12 14:07:22,726 [ERROR] LogOutputStream:75 - [STDERR_REDIRECT] WARNING: Couldn't flush system prefs: java.util.prefs.BackingStoreException: Couldn't get file lock.
2024-11-12 14:07:22,726 [ERROR] LogOutputStream:75 - [STDERR_REDIRECT] 
2024-11-12 14:07:52,724 [ERROR] LogOutputStream:75 - [STDERR_REDIRECT] Nov 12, 2024 2:07:52 PM java.util.prefs.FileSystemPreferences checkLockFile0ErrorCode
2024-11-12 14:07:52,725 [ERROR] LogOutputStream:75 - [STDERR_REDIRECT] WARNING: Could not lock System prefs. Unix error code 2.
2024-11-12 14:07:52,725 [ERROR] LogOutputStream:75 - [STDERR_REDIRECT] 
2024-11-12 14:07:52,726 [ERROR] LogOutputStream:75 - [STDERR_REDIRECT] Nov 12, 2024 2:07:52 PM java.util.prefs.FileSystemPreferences syncWorld
2024-11-12 14:07:52,726 [ERROR] LogOutputStream:75 - [STDERR_REDIRECT] WARNING: Couldn't flush system prefs: java.util.prefs.BackingStoreException: Couldn't get file lock.
2024-11-12 14:07:52,726 [ERROR] LogOutputStream:75 - [STDERR_REDIRECT] 
2024-11-12 14:08:22,725 [ERROR] LogOutputStream:75 - [STDERR_REDIRECT] Nov 12, 2024 2:08:22 PM java.util.prefs.FileSystemPreferences checkLockFile0ErrorCode
2024-11-12 14:08:22,725 [ERROR] LogOutputStream:75 - [STDERR_REDIRECT] WARNING: Could not lock System prefs. Unix error code 2.
2024-11-12 14:08:22,726 [ERROR] LogOutputStream:75 - [STDERR_REDIRECT] 
2024-11-12 14:08:22,726 [ERROR] LogOutputStream:75 - [STDERR_REDIRECT] Nov 12, 2024 2:08:22 PM java.util.prefs.FileSystemPreferences syncWorld
2024-11-12 14:08:22,727 [ERROR] LogOutputStream:75 - [STDERR_REDIRECT] WARNING: Couldn't flush system prefs: java.util.prefs.BackingStoreException: Couldn't get file lock.
2024-11-12 14:08:22,727 [ERROR] LogOutputStream:75 - [STDERR_REDIRECT] 
2024-11-12 14:08:52,723 [ERROR] LogOutputStream:75 - [STDERR_REDIRECT] Nov 12, 2024 2:08:52 PM java.util.prefs.FileSystemPreferences checkLockFile0ErrorCode
2024-11-12 14:08:52,724 [ERROR] LogOutputStream:75 - [STDERR_REDIRECT] WARNING: Could not lock System prefs. Unix error code 2.
2024-11-12 14:08:52,724 [ERROR] LogOutputStream:75 - [STDERR_REDIRECT] 
2024-11-12 14:08:52,724 [ERROR] LogOutputStream:75 - [STDERR_REDIRECT] Nov 12, 2024 2:08:52 PM java.util.prefs.FileSystemPreferences syncWorld
2024-11-12 14:08:52,724 [ERROR] LogOutputStream:75 - [STDERR_REDIRECT] WARNING: Couldn't flush system prefs: java.util.prefs.BackingStoreException: Couldn't get file lock.
2024-11-12 14:08:52,724 [ERROR] LogOutputStream:75 - [STDERR_REDIRECT] 
2024-11-12 14:09:22,724 [ERROR] LogOutputStream:75 - [STDERR_REDIRECT] Nov 12, 2024 2:09:22 PM java.util.prefs.FileSystemPreferences checkLockFile0ErrorCode
2024-11-12 14:09:22,724 [ERROR] LogOutputStream:75 - [STDERR_REDIRECT] WARNING: Could not lock System prefs. Unix error code 2.
2024-11-12 14:09:22,724 [ERROR] LogOutputStream:75 - [STDERR_REDIRECT] 
2024-11-12 14:09:22,724 [ERROR] LogOutputStream:75 - [STDERR_REDIRECT] Nov 12, 2024 2:09:22 PM java.util.prefs.FileSystemPreferences syncWorld
2024-11-12 14:09:22,724 [ERROR] LogOutputStream:75 - [STDERR_REDIRECT] WARNING: Couldn't flush system prefs: java.util.prefs.BackingStoreException: Couldn't get file lock.
2024-11-12 14:09:22,724 [ERROR] LogOutputStream:75 - [STDERR_REDIRECT] 
2024-11-12 14:09:52,722 [ERROR] LogOutputStream:75 - [STDERR_REDIRECT] Nov 12, 2024 2:09:52 PM java.util.prefs.FileSystemPreferences checkLockFile0ErrorCode
2024-11-12 14:09:52,723 [ERROR] LogOutputStream:75 - [STDERR_REDIRECT] WARNING: Could not lock System prefs. Unix error code 2.
2024-11-12 14:09:52,723 [ERROR] LogOutputStream:75 - [STDERR_REDIRECT] 
2024-11-12 14:09:52,723 [ERROR] LogOutputStream:75 - [STDERR_REDIRECT] Nov 12, 2024 2:09:52 PM java.util.prefs.FileSystemPreferences syncWorld
2024-11-12 14:09:52,723 [ERROR] LogOutputStream:75 - [STDERR_REDIRECT] WARNING: Couldn't flush system prefs: java.util.prefs.BackingStoreException: Couldn't get file lock.
2024-11-12 14:09:52,723 [ERROR] LogOutputStream:75 - [STDERR_REDIRECT] 
2024-11-12 14:10:22,724 [ERROR] LogOutputStream:75 - [STDERR_REDIRECT] Nov 12, 2024 2:10:22 PM java.util.prefs.FileSystemPreferences checkLockFile0ErrorCode
2024-11-12 14:10:22,725 [ERROR] LogOutputStream:75 - [STDERR_REDIRECT] WARNING: Could not lock System prefs. Unix error code 2.
2024-11-12 14:10:22,725 [ERROR] LogOutputStream:75 - [STDERR_REDIRECT] 
2024-11-12 14:10:22,726 [ERROR] LogOutputStream:75 - [STDERR_REDIRECT] Nov 12, 2024 2:10:22 PM java.util.prefs.FileSystemPreferences syncWorld
2024-11-12 14:10:22,726 [ERROR] LogOutputStream:75 - [STDERR_REDIRECT] WARNING: Couldn't flush system prefs: java.util.prefs.BackingStoreException: Couldn't get file lock.
2024-11-12 14:10:22,726 [ERROR] LogOutputStream:75 - [STDERR_REDIRECT] 
2024-11-12 14:10:52,723 [ERROR] LogOutputStream:75 - [STDERR_REDIRECT] Nov 12, 2024 2:10:52 PM java.util.prefs.FileSystemPreferences checkLockFile0ErrorCode
2024-11-12 14:10:52,724 [ERROR] LogOutputStream:75 - [STDERR_REDIRECT] WARNING: Could not lock System prefs. Unix error code 2.
2024-11-12 14:10:52,724 [ERROR] LogOutputStream:75 - [STDERR_REDIRECT] 
2024-11-12 14:10:52,724 [ERROR] LogOutputStream:75 - [STDERR_REDIRECT] Nov 12, 2024 2:10:52 PM java.util.prefs.FileSystemPreferences syncWorld
2024-11-12 14:10:52,724 [ERROR] LogOutputStream:75 - [STDERR_REDIRECT] WARNING: Couldn't flush system prefs: java.util.prefs.BackingStoreException: Couldn't get file lock.
2024-11-12 14:10:52,724 [ERROR] LogOutputStream:75 - [STDERR_REDIRECT] 
2024-11-12 14:11:22,724 [ERROR] LogOutputStream:75 - [STDERR_REDIRECT] Nov 12, 2024 2:11:22 PM java.util.prefs.FileSystemPreferences checkLockFile0ErrorCode
2024-11-12 14:11:22,724 [ERROR] LogOutputStream:75 - [STDERR_REDIRECT] WARNING: Could not lock System prefs. Unix error code 2.
2024-11-12 14:11:22,724 [ERROR] LogOutputStream:75 - [STDERR_REDIRECT] 
2024-11-12 14:11:22,724 [ERROR] LogOutputStream:75 - [STDERR_REDIRECT] Nov 12, 2024 2:11:22 PM java.util.prefs.FileSystemPreferences syncWorld
2024-11-12 14:11:22,724 [ERROR] LogOutputStream:75 - [STDERR_REDIRECT] WARNING: Couldn't flush system prefs: java.util.prefs.BackingStoreException: Couldn't get file lock.
2024-11-12 14:11:22,724 [ERROR] LogOutputStream:75 - [STDERR_REDIRECT] 
2024-11-12 14:11:52,724 [ERROR] LogOutputStream:75 - [STDERR_REDIRECT] Nov 12, 2024 2:11:52 PM java.util.prefs.FileSystemPreferences checkLockFile0ErrorCode
2024-11-12 14:11:52,724 [ERROR] LogOutputStream:75 - [STDERR_REDIRECT] WARNING: Could not lock System prefs. Unix error code 2.
2024-11-12 14:11:52,724 [ERROR] LogOutputStream:75 - [STDERR_REDIRECT] 
2024-11-12 14:11:52,725 [ERROR] LogOutputStream:75 - [STDERR_REDIRECT] Nov 12, 2024 2:11:52 PM java.util.prefs.FileSystemPreferences syncWorld
2024-11-12 14:11:52,725 [ERROR] LogOutputStream:75 - [STDERR_REDIRECT] WARNING: Couldn't flush system prefs: java.util.prefs.BackingStoreException: Couldn't get file lock.
2024-11-12 14:11:52,725 [ERROR] LogOutputStream:75 - [STDERR_REDIRECT] 
2024-11-12 14:12:22,724 [ERROR] LogOutputStream:75 - [STDERR_REDIRECT] Nov 12, 2024 2:12:22 PM java.util.prefs.FileSystemPreferences checkLockFile0ErrorCode
2024-11-12 14:12:22,724 [ERROR] LogOutputStream:75 - [STDERR_REDIRECT] WARNING: Could not lock System prefs. Unix error code 2.
2024-11-12 14:12:22,724 [ERROR] LogOutputStream:75 - [STDERR_REDIRECT] 
2024-11-12 14:12:22,724 [ERROR] LogOutputStream:75 - [STDERR_REDIRECT] Nov 12, 2024 2:12:22 PM java.util.prefs.FileSystemPreferences syncWorld
2024-11-12 14:12:22,724 [ERROR] LogOutputStream:75 - [STDERR_REDIRECT] WARNING: Couldn't flush system prefs: java.util.prefs.BackingStoreException: Couldn't get file lock.
2024-11-12 14:12:22,724 [ERROR] LogOutputStream:75 - [STDERR_REDIRECT] 
2024-11-12 14:12:52,725 [ERROR] LogOutputStream:75 - [STDERR_REDIRECT] Nov 12, 2024 2:12:52 PM java.util.prefs.FileSystemPreferences checkLockFile0ErrorCode
2024-11-12 14:12:52,726 [ERROR] LogOutputStream:75 - [STDERR_REDIRECT] WARNING: Could not lock System prefs. Unix error code 2.
2024-11-12 14:12:52,726 [ERROR] LogOutputStream:75 - [STDERR_REDIRECT] 
2024-11-12 14:12:52,728 [ERROR] LogOutputStream:75 - [STDERR_REDIRECT] Nov 12, 2024 2:12:52 PM java.util.prefs.FileSystemPreferences syncWorld
2024-11-12 14:12:52,728 [ERROR] LogOutputStream:75 - [STDERR_REDIRECT] WARNING: Couldn't flush system prefs: java.util.prefs.BackingStoreException: Couldn't get file lock.
2024-11-12 14:12:52,729 [ERROR] LogOutputStream:75 - [STDERR_REDIRECT] 
2024-11-12 14:13:22,726 [ERROR] LogOutputStream:75 - [STDERR_REDIRECT] Nov 12, 2024 2:13:22 PM java.util.prefs.FileSystemPreferences checkLockFile0ErrorCode
2024-11-12 14:13:22,726 [ERROR] LogOutputStream:75 - [STDERR_REDIRECT] WARNING: Could not lock System prefs. Unix error code 2.
2024-11-12 14:13:22,727 [ERROR] LogOutputStream:75 - [STDERR_REDIRECT] 
2024-11-12 14:13:22,727 [ERROR] LogOutputStream:75 - [STDERR_REDIRECT] Nov 12, 2024 2:13:22 PM java.util.prefs.FileSystemPreferences syncWorld
2024-11-12 14:13:22,728 [ERROR] LogOutputStream:75 - [STDERR_REDIRECT] WARNING: Couldn't flush system prefs: java.util.prefs.BackingStoreException: Couldn't get file lock.
2024-11-12 14:13:22,728 [ERROR] LogOutputStream:75 - [STDERR_REDIRECT] 
2024-11-12 14:13:52,727 [ERROR] LogOutputStream:75 - [STDERR_REDIRECT] Nov 12, 2024 2:13:52 PM java.util.prefs.FileSystemPreferences checkLockFile0ErrorCode
2024-11-12 14:13:52,727 [ERROR] LogOutputStream:75 - [STDERR_REDIRECT] WARNING: Could not lock System prefs. Unix error code 2.
2024-11-12 14:13:52,727 [ERROR] LogOutputStream:75 - [STDERR_REDIRECT] 
2024-11-12 14:13:52,728 [ERROR] LogOutputStream:75 - [STDERR_REDIRECT] Nov 12, 2024 2:13:52 PM java.util.prefs.FileSystemPreferences syncWorld
2024-11-12 14:13:52,728 [ERROR] LogOutputStream:75 - [STDERR_REDIRECT] WARNING: Couldn't flush system prefs: java.util.prefs.BackingStoreException: Couldn't get file lock.
2024-11-12 14:13:52,729 [ERROR] LogOutputStream:75 - [STDERR_REDIRECT] 
2024-11-12 14:14:22,726 [ERROR] LogOutputStream:75 - [STDERR_REDIRECT] Nov 12, 2024 2:14:22 PM java.util.prefs.FileSystemPreferences checkLockFile0ErrorCode
2024-11-12 14:14:22,727 [ERROR] LogOutputStream:75 - [STDERR_REDIRECT] WARNING: Could not lock System prefs. Unix error code 2.
2024-11-12 14:14:22,727 [ERROR] LogOutputStream:75 - [STDERR_REDIRECT] 
2024-11-12 14:14:22,728 [ERROR] LogOutputStream:75 - [STDERR_REDIRECT] Nov 12, 2024 2:14:22 PM java.util.prefs.FileSystemPreferences syncWorld
2024-11-12 14:14:22,728 [ERROR] LogOutputStream:75 - [STDERR_REDIRECT] WARNING: Couldn't flush system prefs: java.util.prefs.BackingStoreException: Couldn't get file lock.
2024-11-12 14:14:22,728 [ERROR] LogOutputStream:75 - [STDERR_REDIRECT] 
2024-11-12 14:14:52,726 [ERROR] LogOutputStream:75 - [STDERR_REDIRECT] Nov 12, 2024 2:14:52 PM java.util.prefs.FileSystemPreferences checkLockFile0ErrorCode
2024-11-12 14:14:52,726 [ERROR] LogOutputStream:75 - [STDERR_REDIRECT] WARNING: Could not lock System prefs. Unix error code 2.
2024-11-12 14:14:52,726 [ERROR] LogOutputStream:75 - [STDERR_REDIRECT] 
2024-11-12 14:14:52,726 [ERROR] LogOutputStream:75 - [STDERR_REDIRECT] Nov 12, 2024 2:14:52 PM java.util.prefs.FileSystemPreferences syncWorld
2024-11-12 14:14:52,726 [ERROR] LogOutputStream:75 - [STDERR_REDIRECT] WARNING: Couldn't flush system prefs: java.util.prefs.BackingStoreException: Couldn't get file lock.
2024-11-12 14:14:52,726 [ERROR] LogOutputStream:75 - [STDERR_REDIRECT] 
2024-11-12 14:15:22,726 [ERROR] LogOutputStream:75 - [STDERR_REDIRECT] Nov 12, 2024 2:15:22 PM java.util.prefs.FileSystemPreferences checkLockFile0ErrorCode
2024-11-12 14:15:22,726 [ERROR] LogOutputStream:75 - [STDERR_REDIRECT] WARNING: Could not lock System prefs. Unix error code 2.
2024-11-12 14:15:22,726 [ERROR] LogOutputStream:75 - [STDERR_REDIRECT] 
2024-11-12 14:15:22,726 [ERROR] LogOutputStream:75 - [STDERR_REDIRECT] Nov 12, 2024 2:15:22 PM java.util.prefs.FileSystemPreferences syncWorld
2024-11-12 14:15:22,727 [ERROR] LogOutputStream:75 - [STDERR_REDIRECT] WARNING: Couldn't flush system prefs: java.util.prefs.BackingStoreException: Couldn't get file lock.
2024-11-12 14:15:22,727 [ERROR] LogOutputStream:75 - [STDERR_REDIRECT] 
2024-11-12 14:15:52,726 [ERROR] LogOutputStream:75 - [STDERR_REDIRECT] Nov 12, 2024 2:15:52 PM java.util.prefs.FileSystemPreferences checkLockFile0ErrorCode
2024-11-12 14:15:52,726 [ERROR] LogOutputStream:75 - [STDERR_REDIRECT] WARNING: Could not lock System prefs. Unix error code 2.
2024-11-12 14:15:52,726 [ERROR] LogOutputStream:75 - [STDERR_REDIRECT] 
2024-11-12 14:15:52,726 [ERROR] LogOutputStream:75 - [STDERR_REDIRECT] Nov 12, 2024 2:15:52 PM java.util.prefs.FileSystemPreferences syncWorld
2024-11-12 14:15:52,727 [ERROR] LogOutputStream:75 - [STDERR_REDIRECT] WARNING: Couldn't flush system prefs: java.util.prefs.BackingStoreException: Couldn't get file lock.
2024-11-12 14:15:52,727 [ERROR] LogOutputStream:75 - [STDERR_REDIRECT] 
2024-11-12 14:16:22,727 [ERROR] LogOutputStream:75 - [STDERR_REDIRECT] Nov 12, 2024 2:16:22 PM java.util.prefs.FileSystemPreferences checkLockFile0ErrorCode
2024-11-12 14:16:22,728 [ERROR] LogOutputStream:75 - [STDERR_REDIRECT] WARNING: Could not lock System prefs. Unix error code 2.
2024-11-12 14:16:22,728 [ERROR] LogOutputStream:75 - [STDERR_REDIRECT] 
2024-11-12 14:16:22,728 [ERROR] LogOutputStream:75 - [STDERR_REDIRECT] Nov 12, 2024 2:16:22 PM java.util.prefs.FileSystemPreferences syncWorld
2024-11-12 14:16:22,729 [ERROR] LogOutputStream:75 - [STDERR_REDIRECT] WARNING: Couldn't flush system prefs: java.util.prefs.BackingStoreException: Couldn't get file lock.
2024-11-12 14:16:22,729 [ERROR] LogOutputStream:75 - [STDERR_REDIRECT] 
2024-11-12 14:16:52,727 [ERROR] LogOutputStream:75 - [STDERR_REDIRECT] Nov 12, 2024 2:16:52 PM java.util.prefs.FileSystemPreferences checkLockFile0ErrorCode
2024-11-12 14:16:52,728 [ERROR] LogOutputStream:75 - [STDERR_REDIRECT] WARNING: Could not lock System prefs. Unix error code 2.
2024-11-12 14:16:52,728 [ERROR] LogOutputStream:75 - [STDERR_REDIRECT] 
2024-11-12 14:16:52,729 [ERROR] LogOutputStream:75 - [STDERR_REDIRECT] Nov 12, 2024 2:16:52 PM java.util.prefs.FileSystemPreferences syncWorld
2024-11-12 14:16:52,729 [ERROR] LogOutputStream:75 - [STDERR_REDIRECT] WARNING: Couldn't flush system prefs: java.util.prefs.BackingStoreException: Couldn't get file lock.
2024-11-12 14:16:52,729 [ERROR] LogOutputStream:75 - [STDERR_REDIRECT] 
2024-11-12 14:17:22,726 [ERROR] LogOutputStream:75 - [STDERR_REDIRECT] Nov 12, 2024 2:17:22 PM java.util.prefs.FileSystemPreferences checkLockFile0ErrorCode
2024-11-12 14:17:22,726 [ERROR] LogOutputStream:75 - [STDERR_REDIRECT] WARNING: Could not lock System prefs. Unix error code 2.
2024-11-12 14:17:22,726 [ERROR] LogOutputStream:75 - [STDERR_REDIRECT] 
2024-11-12 14:17:22,727 [ERROR] LogOutputStream:75 - [STDERR_REDIRECT] Nov 12, 2024 2:17:22 PM java.util.prefs.FileSystemPreferences syncWorld
2024-11-12 14:17:22,727 [ERROR] LogOutputStream:75 - [STDERR_REDIRECT] WARNING: Couldn't flush system prefs: java.util.prefs.BackingStoreException: Couldn't get file lock.
2024-11-12 14:17:22,727 [ERROR] LogOutputStream:75 - [STDERR_REDIRECT] 
2024-11-12 14:17:52,727 [ERROR] LogOutputStream:75 - [STDERR_REDIRECT] Nov 12, 2024 2:17:52 PM java.util.prefs.FileSystemPreferences checkLockFile0ErrorCode
2024-11-12 14:17:52,727 [ERROR] LogOutputStream:75 - [STDERR_REDIRECT] WARNING: Could not lock System prefs. Unix error code 2.
2024-11-12 14:17:52,727 [ERROR] LogOutputStream:75 - [STDERR_REDIRECT] 
2024-11-12 14:17:52,728 [ERROR] LogOutputStream:75 - [STDERR_REDIRECT] Nov 12, 2024 2:17:52 PM java.util.prefs.FileSystemPreferences syncWorld
2024-11-12 14:17:52,728 [ERROR] LogOutputStream:75 - [STDERR_REDIRECT] WARNING: Couldn't flush system prefs: java.util.prefs.BackingStoreException: Couldn't get file lock.
2024-11-12 14:17:52,729 [ERROR] LogOutputStream:75 - [STDERR_REDIRECT] 
2024-11-12 14:18:22,728 [ERROR] LogOutputStream:75 - [STDERR_REDIRECT] Nov 12, 2024 2:18:22 PM java.util.prefs.FileSystemPreferences checkLockFile0ErrorCode
2024-11-12 14:18:22,728 [ERROR] LogOutputStream:75 - [STDERR_REDIRECT] WARNING: Could not lock System prefs. Unix error code 2.
2024-11-12 14:18:22,728 [ERROR] LogOutputStream:75 - [STDERR_REDIRECT] 
2024-11-12 14:18:22,729 [ERROR] LogOutputStream:75 - [STDERR_REDIRECT] Nov 12, 2024 2:18:22 PM java.util.prefs.FileSystemPreferences syncWorld
2024-11-12 14:18:22,729 [ERROR] LogOutputStream:75 - [STDERR_REDIRECT] WARNING: Couldn't flush system prefs: java.util.prefs.BackingStoreException: Couldn't get file lock.
2024-11-12 14:18:22,730 [ERROR] LogOutputStream:75 - [STDERR_REDIRECT] 
2024-11-12 14:18:52,726 [ERROR] LogOutputStream:75 - [STDERR_REDIRECT] Nov 12, 2024 2:18:52 PM java.util.prefs.FileSystemPreferences checkLockFile0ErrorCode
2024-11-12 14:18:52,727 [ERROR] LogOutputStream:75 - [STDERR_REDIRECT] WARNING: Could not lock System prefs. Unix error code 2.
2024-11-12 14:18:52,727 [ERROR] LogOutputStream:75 - [STDERR_REDIRECT] 
2024-11-12 14:18:52,727 [ERROR] LogOutputStream:75 - [STDERR_REDIRECT] Nov 12, 2024 2:18:52 PM java.util.prefs.FileSystemPreferences syncWorld
2024-11-12 14:18:52,727 [ERROR] LogOutputStream:75 - [STDERR_REDIRECT] WARNING: Couldn't flush system prefs: java.util.prefs.BackingStoreException: Couldn't get file lock.
2024-11-12 14:18:52,727 [ERROR] LogOutputStream:75 - [STDERR_REDIRECT] 
2024-11-12 14:19:22,727 [ERROR] LogOutputStream:75 - [STDERR_REDIRECT] Nov 12, 2024 2:19:22 PM java.util.prefs.FileSystemPreferences checkLockFile0ErrorCode
2024-11-12 14:19:22,727 [ERROR] LogOutputStream:75 - [STDERR_REDIRECT] WARNING: Could not lock System prefs. Unix error code 2.
2024-11-12 14:19:22,727 [ERROR] LogOutputStream:75 - [STDERR_REDIRECT] 
2024-11-12 14:19:22,728 [ERROR] LogOutputStream:75 - [STDERR_REDIRECT] Nov 12, 2024 2:19:22 PM java.util.prefs.FileSystemPreferences syncWorld
2024-11-12 14:19:22,728 [ERROR] LogOutputStream:75 - [STDERR_REDIRECT] WARNING: Couldn't flush system prefs: java.util.prefs.BackingStoreException: Couldn't get file lock.
2024-11-12 14:19:22,729 [ERROR] LogOutputStream:75 - [STDERR_REDIRECT] 
2024-11-12 14:19:52,726 [ERROR] LogOutputStream:75 - [STDERR_REDIRECT] Nov 12, 2024 2:19:52 PM java.util.prefs.FileSystemPreferences checkLockFile0ErrorCode
2024-11-12 14:19:52,726 [ERROR] LogOutputStream:75 - [STDERR_REDIRECT] WARNING: Could not lock System prefs. Unix error code 2.
2024-11-12 14:19:52,726 [ERROR] LogOutputStream:75 - [STDERR_REDIRECT] 
2024-11-12 14:19:52,726 [ERROR] LogOutputStream:75 - [STDERR_REDIRECT] Nov 12, 2024 2:19:52 PM java.util.prefs.FileSystemPreferences syncWorld
2024-11-12 14:19:52,727 [ERROR] LogOutputStream:75 - [STDERR_REDIRECT] WARNING: Couldn't flush system prefs: java.util.prefs.BackingStoreException: Couldn't get file lock.
2024-11-12 14:19:52,727 [ERROR] LogOutputStream:75 - [STDERR_REDIRECT] 
2024-11-12 14:20:22,727 [ERROR] LogOutputStream:75 - [STDERR_REDIRECT] Nov 12, 2024 2:20:22 PM java.util.prefs.FileSystemPreferences checkLockFile0ErrorCode
2024-11-12 14:20:22,727 [ERROR] LogOutputStream:75 - [STDERR_REDIRECT] WARNING: Could not lock System prefs. Unix error code 2.
2024-11-12 14:20:22,728 [ERROR] LogOutputStream:75 - [STDERR_REDIRECT] 
2024-11-12 14:20:22,728 [ERROR] LogOutputStream:75 - [STDERR_REDIRECT] Nov 12, 2024 2:20:22 PM java.util.prefs.FileSystemPreferences syncWorld
2024-11-12 14:20:22,729 [ERROR] LogOutputStream:75 - [STDERR_REDIRECT] WARNING: Couldn't flush system prefs: java.util.prefs.BackingStoreException: Couldn't get file lock.
2024-11-12 14:20:22,729 [ERROR] LogOutputStream:75 - [STDERR_REDIRECT] 
2024-11-12 14:20:52,726 [ERROR] LogOutputStream:75 - [STDERR_REDIRECT] Nov 12, 2024 2:20:52 PM java.util.prefs.FileSystemPreferences checkLockFile0ErrorCode
2024-11-12 14:20:52,726 [ERROR] LogOutputStream:75 - [STDERR_REDIRECT] WARNING: Could not lock System prefs. Unix error code 2.
2024-11-12 14:20:52,726 [ERROR] LogOutputStream:75 - [STDERR_REDIRECT] 
2024-11-12 14:20:52,727 [ERROR] LogOutputStream:75 - [STDERR_REDIRECT] Nov 12, 2024 2:20:52 PM java.util.prefs.FileSystemPreferences syncWorld
2024-11-12 14:20:52,727 [ERROR] LogOutputStream:75 - [STDERR_REDIRECT] WARNING: Couldn't flush system prefs: java.util.prefs.BackingStoreException: Couldn't get file lock.
2024-11-12 14:20:52,727 [ERROR] LogOutputStream:75 - [STDERR_REDIRECT] 
2024-11-12 14:21:22,727 [ERROR] LogOutputStream:75 - [STDERR_REDIRECT] Nov 12, 2024 2:21:22 PM java.util.prefs.FileSystemPreferences checkLockFile0ErrorCode
2024-11-12 14:21:22,728 [ERROR] LogOutputStream:75 - [STDERR_REDIRECT] WARNING: Could not lock System prefs. Unix error code 2.
2024-11-12 14:21:22,728 [ERROR] LogOutputStream:75 - [STDERR_REDIRECT] 
2024-11-12 14:21:22,728 [ERROR] LogOutputStream:75 - [STDERR_REDIRECT] Nov 12, 2024 2:21:22 PM java.util.prefs.FileSystemPreferences syncWorld
2024-11-12 14:21:22,729 [ERROR] LogOutputStream:75 - [STDERR_REDIRECT] WARNING: Couldn't flush system prefs: java.util.prefs.BackingStoreException: Couldn't get file lock.
2024-11-12 14:21:22,729 [ERROR] LogOutputStream:75 - [STDERR_REDIRECT] 
2024-11-12 14:21:52,727 [ERROR] LogOutputStream:75 - [STDERR_REDIRECT] Nov 12, 2024 2:21:52 PM java.util.prefs.FileSystemPreferences checkLockFile0ErrorCode
2024-11-12 14:21:52,727 [ERROR] LogOutputStream:75 - [STDERR_REDIRECT] WARNING: Could not lock System prefs. Unix error code 2.
2024-11-12 14:21:52,728 [ERROR] LogOutputStream:75 - [STDERR_REDIRECT] 
2024-11-12 14:21:52,728 [ERROR] LogOutputStream:75 - [STDERR_REDIRECT] Nov 12, 2024 2:21:52 PM java.util.prefs.FileSystemPreferences syncWorld
2024-11-12 14:21:52,729 [ERROR] LogOutputStream:75 - [STDERR_REDIRECT] WARNING: Couldn't flush system prefs: java.util.prefs.BackingStoreException: Couldn't get file lock.
2024-11-12 14:21:52,729 [ERROR] LogOutputStream:75 - [STDERR_REDIRECT] 
2024-11-12 14:22:22,727 [ERROR] LogOutputStream:75 - [STDERR_REDIRECT] Nov 12, 2024 2:22:22 PM java.util.prefs.FileSystemPreferences checkLockFile0ErrorCode
2024-11-12 14:22:22,727 [ERROR] LogOutputStream:75 - [STDERR_REDIRECT] WARNING: Could not lock System prefs. Unix error code 2.
2024-11-12 14:22:22,727 [ERROR] LogOutputStream:75 - [STDERR_REDIRECT] 
2024-11-12 14:22:22,727 [ERROR] LogOutputStream:75 - [STDERR_REDIRECT] Nov 12, 2024 2:22:22 PM java.util.prefs.FileSystemPreferences syncWorld
2024-11-12 14:22:22,727 [ERROR] LogOutputStream:75 - [STDERR_REDIRECT] WARNING: Couldn't flush system prefs: java.util.prefs.BackingStoreException: Couldn't get file lock.
2024-11-12 14:22:22,727 [ERROR] LogOutputStream:75 - [STDERR_REDIRECT] 
2024-11-12 14:22:52,727 [ERROR] LogOutputStream:75 - [STDERR_REDIRECT] Nov 12, 2024 2:22:52 PM java.util.prefs.FileSystemPreferences checkLockFile0ErrorCode
2024-11-12 14:22:52,728 [ERROR] LogOutputStream:75 - [STDERR_REDIRECT] WARNING: Could not lock System prefs. Unix error code 2.
2024-11-12 14:22:52,728 [ERROR] LogOutputStream:75 - [STDERR_REDIRECT] 
2024-11-12 14:22:52,729 [ERROR] LogOutputStream:75 - [STDERR_REDIRECT] Nov 12, 2024 2:22:52 PM java.util.prefs.FileSystemPreferences syncWorld
2024-11-12 14:22:52,729 [ERROR] LogOutputStream:75 - [STDERR_REDIRECT] WARNING: Couldn't flush system prefs: java.util.prefs.BackingStoreException: Couldn't get file lock.
2024-11-12 14:22:52,729 [ERROR] LogOutputStream:75 - [STDERR_REDIRECT] 
2024-11-12 14:23:22,729 [ERROR] LogOutputStream:75 - [STDERR_REDIRECT] Nov 12, 2024 2:23:22 PM java.util.prefs.FileSystemPreferences checkLockFile0ErrorCode
2024-11-12 14:23:22,729 [ERROR] LogOutputStream:75 - [STDERR_REDIRECT] WARNING: Could not lock System prefs. Unix error code 2.
2024-11-12 14:23:22,730 [ERROR] LogOutputStream:75 - [STDERR_REDIRECT] 
2024-11-12 14:23:22,730 [ERROR] LogOutputStream:75 - [STDERR_REDIRECT] Nov 12, 2024 2:23:22 PM java.util.prefs.FileSystemPreferences syncWorld
2024-11-12 14:23:22,731 [ERROR] LogOutputStream:75 - [STDERR_REDIRECT] WARNING: Couldn't flush system prefs: java.util.prefs.BackingStoreException: Couldn't get file lock.
2024-11-12 14:23:22,731 [ERROR] LogOutputStream:75 - [STDERR_REDIRECT] 
2024-11-12 14:23:52,726 [ERROR] LogOutputStream:75 - [STDERR_REDIRECT] Nov 12, 2024 2:23:52 PM java.util.prefs.FileSystemPreferences checkLockFile0ErrorCode
2024-11-12 14:23:52,726 [ERROR] LogOutputStream:75 - [STDERR_REDIRECT] WARNING: Could not lock System prefs. Unix error code 2.
2024-11-12 14:23:52,726 [ERROR] LogOutputStream:75 - [STDERR_REDIRECT] 
2024-11-12 14:23:52,727 [ERROR] LogOutputStream:75 - [STDERR_REDIRECT] Nov 12, 2024 2:23:52 PM java.util.prefs.FileSystemPreferences syncWorld
2024-11-12 14:23:52,727 [ERROR] LogOutputStream:75 - [STDERR_REDIRECT] WARNING: Couldn't flush system prefs: java.util.prefs.BackingStoreException: Couldn't get file lock.
2024-11-12 14:23:52,727 [ERROR] LogOutputStream:75 - [STDERR_REDIRECT] 
2024-11-12 14:24:22,726 [ERROR] LogOutputStream:75 - [STDERR_REDIRECT] Nov 12, 2024 2:24:22 PM java.util.prefs.FileSystemPreferences checkLockFile0ErrorCode
2024-11-12 14:24:22,726 [ERROR] LogOutputStream:75 - [STDERR_REDIRECT] WARNING: Could not lock System prefs. Unix error code 2.
2024-11-12 14:24:22,726 [ERROR] LogOutputStream:75 - [STDERR_REDIRECT] 
2024-11-12 14:24:22,726 [ERROR] LogOutputStream:75 - [STDERR_REDIRECT] Nov 12, 2024 2:24:22 PM java.util.prefs.FileSystemPreferences syncWorld
2024-11-12 14:24:22,726 [ERROR] LogOutputStream:75 - [STDERR_REDIRECT] WARNING: Couldn't flush system prefs: java.util.prefs.BackingStoreException: Couldn't get file lock.
2024-11-12 14:24:22,726 [ERROR] LogOutputStream:75 - [STDERR_REDIRECT] 
2024-11-12 14:24:52,729 [ERROR] LogOutputStream:75 - [STDERR_REDIRECT] Nov 12, 2024 2:24:52 PM java.util.prefs.FileSystemPreferences checkLockFile0ErrorCode
2024-11-12 14:24:52,729 [ERROR] LogOutputStream:75 - [STDERR_REDIRECT] WARNING: Could not lock System prefs. Unix error code 2.
2024-11-12 14:24:52,730 [ERROR] LogOutputStream:75 - [STDERR_REDIRECT] 
2024-11-12 14:24:52,730 [ERROR] LogOutputStream:75 - [STDERR_REDIRECT] Nov 12, 2024 2:24:52 PM java.util.prefs.FileSystemPreferences syncWorld
2024-11-12 14:24:52,731 [ERROR] LogOutputStream:75 - [STDERR_REDIRECT] WARNING: Couldn't flush system prefs: java.util.prefs.BackingStoreException: Couldn't get file lock.
2024-11-12 14:24:52,731 [ERROR] LogOutputStream:75 - [STDERR_REDIRECT] 
2024-11-12 14:25:22,728 [ERROR] LogOutputStream:75 - [STDERR_REDIRECT] Nov 12, 2024 2:25:22 PM java.util.prefs.FileSystemPreferences checkLockFile0ErrorCode
2024-11-12 14:25:22,728 [ERROR] LogOutputStream:75 - [STDERR_REDIRECT] WARNING: Could not lock System prefs. Unix error code 2.
2024-11-12 14:25:22,728 [ERROR] LogOutputStream:75 - [STDERR_REDIRECT] 
2024-11-12 14:25:22,728 [ERROR] LogOutputStream:75 - [STDERR_REDIRECT] Nov 12, 2024 2:25:22 PM java.util.prefs.FileSystemPreferences syncWorld
2024-11-12 14:25:22,728 [ERROR] LogOutputStream:75 - [STDERR_REDIRECT] WARNING: Couldn't flush system prefs: java.util.prefs.BackingStoreException: Couldn't get file lock.
2024-11-12 14:25:22,728 [ERROR] LogOutputStream:75 - [STDERR_REDIRECT] 
2024-11-12 14:25:52,729 [ERROR] LogOutputStream:75 - [STDERR_REDIRECT] Nov 12, 2024 2:25:52 PM java.util.prefs.FileSystemPreferences checkLockFile0ErrorCode
2024-11-12 14:25:52,729 [ERROR] LogOutputStream:75 - [STDERR_REDIRECT] WARNING: Could not lock System prefs. Unix error code 2.
2024-11-12 14:25:52,729 [ERROR] LogOutputStream:75 - [STDERR_REDIRECT] 
2024-11-12 14:25:52,730 [ERROR] LogOutputStream:75 - [STDERR_REDIRECT] Nov 12, 2024 2:25:52 PM java.util.prefs.FileSystemPreferences syncWorld
2024-11-12 14:25:52,730 [ERROR] LogOutputStream:75 - [STDERR_REDIRECT] WARNING: Couldn't flush system prefs: java.util.prefs.BackingStoreException: Couldn't get file lock.
2024-11-12 14:25:52,730 [ERROR] LogOutputStream:75 - [STDERR_REDIRECT] 
2024-11-12 14:26:22,728 [ERROR] LogOutputStream:75 - [STDERR_REDIRECT] Nov 12, 2024 2:26:22 PM java.util.prefs.FileSystemPreferences checkLockFile0ErrorCode
2024-11-12 14:26:22,728 [ERROR] LogOutputStream:75 - [STDERR_REDIRECT] WARNING: Could not lock System prefs. Unix error code 2.
2024-11-12 14:26:22,729 [ERROR] LogOutputStream:75 - [STDERR_REDIRECT] 
2024-11-12 14:26:22,729 [ERROR] LogOutputStream:75 - [STDERR_REDIRECT] Nov 12, 2024 2:26:22 PM java.util.prefs.FileSystemPreferences syncWorld
2024-11-12 14:26:22,729 [ERROR] LogOutputStream:75 - [STDERR_REDIRECT] WARNING: Couldn't flush system prefs: java.util.prefs.BackingStoreException: Couldn't get file lock.
2024-11-12 14:26:22,730 [ERROR] LogOutputStream:75 - [STDERR_REDIRECT] 
2024-11-12 14:26:52,727 [ERROR] LogOutputStream:75 - [STDERR_REDIRECT] Nov 12, 2024 2:26:52 PM java.util.prefs.FileSystemPreferences checkLockFile0ErrorCode
2024-11-12 14:26:52,727 [ERROR] LogOutputStream:75 - [STDERR_REDIRECT] WARNING: Could not lock System prefs. Unix error code 2.
2024-11-12 14:26:52,728 [ERROR] LogOutputStream:75 - [STDERR_REDIRECT] 
2024-11-12 14:26:52,728 [ERROR] LogOutputStream:75 - [STDERR_REDIRECT] Nov 12, 2024 2:26:52 PM java.util.prefs.FileSystemPreferences syncWorld
2024-11-12 14:26:52,728 [ERROR] LogOutputStream:75 - [STDERR_REDIRECT] WARNING: Couldn't flush system prefs: java.util.prefs.BackingStoreException: Couldn't get file lock.
2024-11-12 14:26:52,728 [ERROR] LogOutputStream:75 - [STDERR_REDIRECT] 
2024-11-12 14:27:22,727 [ERROR] LogOutputStream:75 - [STDERR_REDIRECT] Nov 12, 2024 2:27:22 PM java.util.prefs.FileSystemPreferences checkLockFile0ErrorCode
2024-11-12 14:27:22,727 [ERROR] LogOutputStream:75 - [STDERR_REDIRECT] WARNING: Could not lock System prefs. Unix error code 2.
2024-11-12 14:27:22,727 [ERROR] LogOutputStream:75 - [STDERR_REDIRECT] 
2024-11-12 14:27:22,727 [ERROR] LogOutputStream:75 - [STDERR_REDIRECT] Nov 12, 2024 2:27:22 PM java.util.prefs.FileSystemPreferences syncWorld
2024-11-12 14:27:22,727 [ERROR] LogOutputStream:75 - [STDERR_REDIRECT] WARNING: Couldn't flush system prefs: java.util.prefs.BackingStoreException: Couldn't get file lock.
2024-11-12 14:27:22,727 [ERROR] LogOutputStream:75 - [STDERR_REDIRECT] 
2024-11-12 14:27:52,729 [ERROR] LogOutputStream:75 - [STDERR_REDIRECT] Nov 12, 2024 2:27:52 PM java.util.prefs.FileSystemPreferences checkLockFile0ErrorCode
2024-11-12 14:27:52,729 [ERROR] LogOutputStream:75 - [STDERR_REDIRECT] WARNING: Could not lock System prefs. Unix error code 2.
2024-11-12 14:27:52,729 [ERROR] LogOutputStream:75 - [STDERR_REDIRECT] 
2024-11-12 14:27:52,730 [ERROR] LogOutputStream:75 - [STDERR_REDIRECT] Nov 12, 2024 2:27:52 PM java.util.prefs.FileSystemPreferences syncWorld
2024-11-12 14:27:52,730 [ERROR] LogOutputStream:75 - [STDERR_REDIRECT] WARNING: Couldn't flush system prefs: java.util.prefs.BackingStoreException: Couldn't get file lock.
2024-11-12 14:27:52,731 [ERROR] LogOutputStream:75 - [STDERR_REDIRECT] 
2024-11-12 14:28:22,728 [ERROR] LogOutputStream:75 - [STDERR_REDIRECT] Nov 12, 2024 2:28:22 PM java.util.prefs.FileSystemPreferences checkLockFile0ErrorCode
2024-11-12 14:28:22,728 [ERROR] LogOutputStream:75 - [STDERR_REDIRECT] WARNING: Could not lock System prefs. Unix error code 2.
2024-11-12 14:28:22,729 [ERROR] LogOutputStream:75 - [STDERR_REDIRECT] 
2024-11-12 14:28:22,729 [ERROR] LogOutputStream:75 - [STDERR_REDIRECT] Nov 12, 2024 2:28:22 PM java.util.prefs.FileSystemPreferences syncWorld
2024-11-12 14:28:22,730 [ERROR] LogOutputStream:75 - [STDERR_REDIRECT] WARNING: Couldn't flush system prefs: java.util.prefs.BackingStoreException: Couldn't get file lock.
2024-11-12 14:28:22,730 [ERROR] LogOutputStream:75 - [STDERR_REDIRECT] 
2024-11-12 14:28:52,728 [ERROR] LogOutputStream:75 - [STDERR_REDIRECT] Nov 12, 2024 2:28:52 PM java.util.prefs.FileSystemPreferences checkLockFile0ErrorCode
2024-11-12 14:28:52,729 [ERROR] LogOutputStream:75 - [STDERR_REDIRECT] WARNING: Could not lock System prefs. Unix error code 2.
2024-11-12 14:28:52,729 [ERROR] LogOutputStream:75 - [STDERR_REDIRECT] 
2024-11-12 14:28:52,730 [ERROR] LogOutputStream:75 - [STDERR_REDIRECT] Nov 12, 2024 2:28:52 PM java.util.prefs.FileSystemPreferences syncWorld
2024-11-12 14:28:52,730 [ERROR] LogOutputStream:75 - [STDERR_REDIRECT] WARNING: Couldn't flush system prefs: java.util.prefs.BackingStoreException: Couldn't get file lock.
2024-11-12 14:28:52,730 [ERROR] LogOutputStream:75 - [STDERR_REDIRECT] 
2024-11-12 14:29:22,727 [ERROR] LogOutputStream:75 - [STDERR_REDIRECT] Nov 12, 2024 2:29:22 PM java.util.prefs.FileSystemPreferences checkLockFile0ErrorCode
2024-11-12 14:29:22,728 [ERROR] LogOutputStream:75 - [STDERR_REDIRECT] WARNING: Could not lock System prefs. Unix error code 2.
2024-11-12 14:29:22,728 [ERROR] LogOutputStream:75 - [STDERR_REDIRECT] 
2024-11-12 14:29:22,728 [ERROR] LogOutputStream:75 - [STDERR_REDIRECT] Nov 12, 2024 2:29:22 PM java.util.prefs.FileSystemPreferences syncWorld
2024-11-12 14:29:22,728 [ERROR] LogOutputStream:75 - [STDERR_REDIRECT] WARNING: Couldn't flush system prefs: java.util.prefs.BackingStoreException: Couldn't get file lock.
2024-11-12 14:29:22,728 [ERROR] LogOutputStream:75 - [STDERR_REDIRECT] 
2024-11-12 14:29:52,728 [ERROR] LogOutputStream:75 - [STDERR_REDIRECT] Nov 12, 2024 2:29:52 PM java.util.prefs.FileSystemPreferences checkLockFile0ErrorCode
2024-11-12 14:29:52,728 [ERROR] LogOutputStream:75 - [STDERR_REDIRECT] WARNING: Could not lock System prefs. Unix error code 2.
2024-11-12 14:29:52,729 [ERROR] LogOutputStream:75 - [STDERR_REDIRECT] 
2024-11-12 14:29:52,729 [ERROR] LogOutputStream:75 - [STDERR_REDIRECT] Nov 12, 2024 2:29:52 PM java.util.prefs.FileSystemPreferences syncWorld
2024-11-12 14:29:52,730 [ERROR] LogOutputStream:75 - [STDERR_REDIRECT] WARNING: Couldn't flush system prefs: java.util.prefs.BackingStoreException: Couldn't get file lock.
2024-11-12 14:29:52,730 [ERROR] LogOutputStream:75 - [STDERR_REDIRECT] 
2024-11-12 14:30:22,728 [ERROR] LogOutputStream:75 - [STDERR_REDIRECT] Nov 12, 2024 2:30:22 PM java.util.prefs.FileSystemPreferences checkLockFile0ErrorCode
2024-11-12 14:30:22,728 [ERROR] LogOutputStream:75 - [STDERR_REDIRECT] WARNING: Could not lock System prefs. Unix error code 2.
2024-11-12 14:30:22,728 [ERROR] LogOutputStream:75 - [STDERR_REDIRECT] 
2024-11-12 14:30:22,728 [ERROR] LogOutputStream:75 - [STDERR_REDIRECT] Nov 12, 2024 2:30:22 PM java.util.prefs.FileSystemPreferences syncWorld
2024-11-12 14:30:22,728 [ERROR] LogOutputStream:75 - [STDERR_REDIRECT] WARNING: Couldn't flush system prefs: java.util.prefs.BackingStoreException: Couldn't get file lock.
2024-11-12 14:30:22,728 [ERROR] LogOutputStream:75 - [STDERR_REDIRECT] 
2024-11-12 14:30:52,727 [ERROR] LogOutputStream:75 - [STDERR_REDIRECT] Nov 12, 2024 2:30:52 PM java.util.prefs.FileSystemPreferences checkLockFile0ErrorCode
2024-11-12 14:30:52,727 [ERROR] LogOutputStream:75 - [STDERR_REDIRECT] WARNING: Could not lock System prefs. Unix error code 2.
2024-11-12 14:30:52,727 [ERROR] LogOutputStream:75 - [STDERR_REDIRECT] 
2024-11-12 14:30:52,727 [ERROR] LogOutputStream:75 - [STDERR_REDIRECT] Nov 12, 2024 2:30:52 PM java.util.prefs.FileSystemPreferences syncWorld
2024-11-12 14:30:52,727 [ERROR] LogOutputStream:75 - [STDERR_REDIRECT] WARNING: Couldn't flush system prefs: java.util.prefs.BackingStoreException: Couldn't get file lock.
2024-11-12 14:30:52,727 [ERROR] LogOutputStream:75 - [STDERR_REDIRECT] 
2024-11-12 14:31:22,728 [ERROR] LogOutputStream:75 - [STDERR_REDIRECT] Nov 12, 2024 2:31:22 PM java.util.prefs.FileSystemPreferences checkLockFile0ErrorCode
2024-11-12 14:31:22,729 [ERROR] LogOutputStream:75 - [STDERR_REDIRECT] WARNING: Could not lock System prefs. Unix error code 2.
2024-11-12 14:31:22,729 [ERROR] LogOutputStream:75 - [STDERR_REDIRECT] 
2024-11-12 14:31:22,730 [ERROR] LogOutputStream:75 - [STDERR_REDIRECT] Nov 12, 2024 2:31:22 PM java.util.prefs.FileSystemPreferences syncWorld
2024-11-12 14:31:22,730 [ERROR] LogOutputStream:75 - [STDERR_REDIRECT] WARNING: Couldn't flush system prefs: java.util.prefs.BackingStoreException: Couldn't get file lock.
2024-11-12 14:31:22,730 [ERROR] LogOutputStream:75 - [STDERR_REDIRECT] 
2024-11-12 14:31:52,729 [ERROR] LogOutputStream:75 - [STDERR_REDIRECT] Nov 12, 2024 2:31:52 PM java.util.prefs.FileSystemPreferences checkLockFile0ErrorCode
2024-11-12 14:31:52,729 [ERROR] LogOutputStream:75 - [STDERR_REDIRECT] WARNING: Could not lock System prefs. Unix error code 2.
2024-11-12 14:31:52,729 [ERROR] LogOutputStream:75 - [STDERR_REDIRECT] 
2024-11-12 14:31:52,729 [ERROR] LogOutputStream:75 - [STDERR_REDIRECT] Nov 12, 2024 2:31:52 PM java.util.prefs.FileSystemPreferences syncWorld
2024-11-12 14:31:52,729 [ERROR] LogOutputStream:75 - [STDERR_REDIRECT] WARNING: Couldn't flush system prefs: java.util.prefs.BackingStoreException: Couldn't get file lock.
2024-11-12 14:31:52,729 [ERROR] LogOutputStream:75 - [STDERR_REDIRECT] 
2024-11-12 14:32:22,729 [ERROR] LogOutputStream:75 - [STDERR_REDIRECT] Nov 12, 2024 2:32:22 PM java.util.prefs.FileSystemPreferences checkLockFile0ErrorCode
2024-11-12 14:32:22,729 [ERROR] LogOutputStream:75 - [STDERR_REDIRECT] WARNING: Could not lock System prefs. Unix error code 2.
2024-11-12 14:32:22,729 [ERROR] LogOutputStream:75 - [STDERR_REDIRECT] 
2024-11-12 14:32:22,729 [ERROR] LogOutputStream:75 - [STDERR_REDIRECT] Nov 12, 2024 2:32:22 PM java.util.prefs.FileSystemPreferences syncWorld
2024-11-12 14:32:22,729 [ERROR] LogOutputStream:75 - [STDERR_REDIRECT] WARNING: Couldn't flush system prefs: java.util.prefs.BackingStoreException: Couldn't get file lock.
2024-11-12 14:32:22,729 [ERROR] LogOutputStream:75 - [STDERR_REDIRECT] 
2024-11-12 14:32:52,728 [ERROR] LogOutputStream:75 - [STDERR_REDIRECT] Nov 12, 2024 2:32:52 PM java.util.prefs.FileSystemPreferences checkLockFile0ErrorCode
2024-11-12 14:32:52,728 [ERROR] LogOutputStream:75 - [STDERR_REDIRECT] WARNING: Could not lock System prefs. Unix error code 2.
2024-11-12 14:32:52,728 [ERROR] LogOutputStream:75 - [STDERR_REDIRECT] 
2024-11-12 14:32:52,728 [ERROR] LogOutputStream:75 - [STDERR_REDIRECT] Nov 12, 2024 2:32:52 PM java.util.prefs.FileSystemPreferences syncWorld
2024-11-12 14:32:52,728 [ERROR] LogOutputStream:75 - [STDERR_REDIRECT] WARNING: Couldn't flush system prefs: java.util.prefs.BackingStoreException: Couldn't get file lock.
2024-11-12 14:32:52,728 [ERROR] LogOutputStream:75 - [STDERR_REDIRECT] 
2024-11-12 14:33:22,729 [ERROR] LogOutputStream:75 - [STDERR_REDIRECT] Nov 12, 2024 2:33:22 PM java.util.prefs.FileSystemPreferences checkLockFile0ErrorCode
2024-11-12 14:33:22,730 [ERROR] LogOutputStream:75 - [STDERR_REDIRECT] WARNING: Could not lock System prefs. Unix error code 2.
2024-11-12 14:33:22,730 [ERROR] LogOutputStream:75 - [STDERR_REDIRECT] 
2024-11-12 14:33:22,730 [ERROR] LogOutputStream:75 - [STDERR_REDIRECT] Nov 12, 2024 2:33:22 PM java.util.prefs.FileSystemPreferences syncWorld
2024-11-12 14:33:22,731 [ERROR] LogOutputStream:75 - [STDERR_REDIRECT] WARNING: Couldn't flush system prefs: java.util.prefs.BackingStoreException: Couldn't get file lock.
2024-11-12 14:33:22,731 [ERROR] LogOutputStream:75 - [STDERR_REDIRECT] 
2024-11-12 14:33:52,728 [ERROR] LogOutputStream:75 - [STDERR_REDIRECT] Nov 12, 2024 2:33:52 PM java.util.prefs.FileSystemPreferences checkLockFile0ErrorCode
2024-11-12 14:33:52,728 [ERROR] LogOutputStream:75 - [STDERR_REDIRECT] WARNING: Could not lock System prefs. Unix error code 2.
2024-11-12 14:33:52,728 [ERROR] LogOutputStream:75 - [STDERR_REDIRECT] 
2024-11-12 14:33:52,728 [ERROR] LogOutputStream:75 - [STDERR_REDIRECT] Nov 12, 2024 2:33:52 PM java.util.prefs.FileSystemPreferences syncWorld
2024-11-12 14:33:52,729 [ERROR] LogOutputStream:75 - [STDERR_REDIRECT] WARNING: Couldn't flush system prefs: java.util.prefs.BackingStoreException: Couldn't get file lock.
2024-11-12 14:33:52,729 [ERROR] LogOutputStream:75 - [STDERR_REDIRECT] 
